[    0.000000] Initializing cgroup subsys cpuset
[    0.000000] Initializing cgroup subsys cpu
[    0.000000] Initializing cgroup subsys cpuacct
[    0.000000] Linux version 4.4.0-210-generic (buildd@lgw01-amd64-009) (gcc version 5.4.0 20160609 (Ubuntu 5.4.0-6ubuntu1~16.04.12) ) #242-Ubuntu SMP Fri Apr 16 09:57:56 UTC 2021 (Ubuntu 4.4.0-210.242-generic 4.4.262)
[    0.000000] Command line: BOOT_IMAGE=/boot/vmlinuz-4.4.0-210-generic root=LABEL=cloudimg-rootfs ro console=tty1 console=ttyS0
[    0.000000] KERNEL supported cpus:
[    0.000000]   Intel GenuineIntel
[    0.000000]   AMD AuthenticAMD
[    0.000000]   Centaur CentaurHauls
[    0.000000] x86/fpu: xstate_offset[2]:  576, xstate_sizes[2]:  256
[    0.000000] x86/fpu: Supporting XSAVE feature 0x01: 'x87 floating point registers'
[    0.000000] x86/fpu: Supporting XSAVE feature 0x02: 'SSE registers'
[    0.000000] x86/fpu: Supporting XSAVE feature 0x04: 'AVX registers'
[    0.000000] x86/fpu: Enabled xstate features 0x7, context size is 832 bytes, using 'standard' format.
[    0.000000] e820: BIOS-provided physical RAM map:
[    0.000000] BIOS-e820: [mem 0x0000000000000000-0x000000000009fbff] usable
[    0.000000] BIOS-e820: [mem 0x000000000009fc00-0x000000000009ffff] reserved
[    0.000000] BIOS-e820: [mem 0x00000000000f0000-0x00000000000fffff] reserved
[    0.000000] BIOS-e820: [mem 0x0000000000100000-0x000000003ffeffff] usable
[    0.000000] BIOS-e820: [mem 0x000000003fff0000-0x000000003fffffff] ACPI data
[    0.000000] BIOS-e820: [mem 0x00000000fec00000-0x00000000fec00fff] reserved
[    0.000000] BIOS-e820: [mem 0x00000000fee00000-0x00000000fee00fff] reserved
[    0.000000] BIOS-e820: [mem 0x00000000fffc0000-0x00000000ffffffff] reserved
[    0.000000] NX (Execute Disable) protection: active
[    0.000000] SMBIOS 2.5 present.
[    0.000000] Hypervisor detected: KVM
[    0.000000] e820: last_pfn = 0x3fff0 max_arch_pfn = 0x400000000
[    0.000000] MTRR: Disabled
[    0.000000] x86/PAT: MTRRs disabled, skipping PAT initialization too.
[    0.000000] CPU MTRRs all blank - virtualized system.
[    0.000000] x86/PAT: Configuration [0-7]: WB  WT  UC- UC  WB  WT  UC- UC  
[    0.000000] found SMP MP-table at [mem 0x0009fff0-0x0009ffff] mapped at [ffff88000009fff0]
[    0.000000] Scanning 1 areas for low memory corruption
[    0.000000] RAMDISK: [mem 0x362dc000-0x37165fff]
[    0.000000] ACPI: Early table checksum verification disabled
[    0.000000] ACPI: RSDP 0x00000000000E0000 000024 (v02 VBOX  )
[    0.000000] ACPI: XSDT 0x000000003FFF0030 00003C (v01 VBOX   VBOXXSDT 00000001 ASL  00000061)
[    0.000000] ACPI: FACP 0x000000003FFF00F0 0000F4 (v04 VBOX   VBOXFACP 00000001 ASL  00000061)
[    0.000000] ACPI: DSDT 0x000000003FFF0470 002325 (v02 VBOX   VBOXBIOS 00000002 INTL 20120111)
[    0.000000] ACPI: FACS 0x000000003FFF0200 000040
[    0.000000] ACPI: FACS 0x000000003FFF0200 000040
[    0.000000] ACPI: APIC 0x000000003FFF0240 00005C (v02 VBOX   VBOXAPIC 00000001 ASL  00000061)
[    0.000000] ACPI: SSDT 0x000000003FFF02A0 0001CC (v01 VBOX   VBOXCPUT 00000002 INTL 20120111)
[    0.000000] No NUMA configuration found
[    0.000000] Faking a node at [mem 0x0000000000000000-0x000000003ffeffff]
[    0.000000] NODE_DATA(0) allocated [mem 0x3ffeb000-0x3ffeffff]
[    0.000000] kvm-clock: Using msrs 4b564d01 and 4b564d00
[    0.000000] kvm-clock: cpu 0, msr 0:3ffe3001, primary cpu clock
[    0.000000] kvm-clock: using sched offset of 4064407271 cycles
[    0.000000] clocksource: kvm-clock: mask: 0xffffffffffffffff max_cycles: 0x1cd42e4dffb, max_idle_ns: 881590591483 ns
[    0.000000] Zone ranges:
[    0.000000]   DMA      [mem 0x0000000000001000-0x0000000000ffffff]
[    0.000000]   DMA32    [mem 0x0000000001000000-0x000000003ffeffff]
[    0.000000]   Normal   empty
[    0.000000]   Device   empty
[    0.000000] Movable zone start for each node
[    0.000000] Early memory node ranges
[    0.000000]   node   0: [mem 0x0000000000001000-0x000000000009efff]
[    0.000000]   node   0: [mem 0x0000000000100000-0x000000003ffeffff]
[    0.000000] Initmem setup node 0 [mem 0x0000000000001000-0x000000003ffeffff]
[    0.000000] ACPI: PM-Timer IO Port: 0x4008
[    0.000000] IOAPIC[0]: apic_id 2, version 32, address 0xfec00000, GSI 0-23
[    0.000000] ACPI: INT_SRC_OVR (bus 0 bus_irq 0 global_irq 2 dfl dfl)
[    0.000000] ACPI: INT_SRC_OVR (bus 0 bus_irq 9 global_irq 9 low level)
[    0.000000] Using ACPI (MADT) for SMP configuration information
[    0.000000] smpboot: Allowing 2 CPUs, 0 hotplug CPUs
[    0.000000] PM: Registered nosave memory: [mem 0x00000000-0x00000fff]
[    0.000000] PM: Registered nosave memory: [mem 0x0009f000-0x0009ffff]
[    0.000000] PM: Registered nosave memory: [mem 0x000a0000-0x000effff]
[    0.000000] PM: Registered nosave memory: [mem 0x000f0000-0x000fffff]
[    0.000000] e820: [mem 0x40000000-0xfebfffff] available for PCI devices
[    0.000000] Booting paravirtualized kernel on KVM
[    0.000000] clocksource: refined-jiffies: mask: 0xffffffff max_cycles: 0xffffffff, max_idle_ns: 7645519600211568 ns
[    0.000000] setup_percpu: NR_CPUS:512 nr_cpumask_bits:512 nr_cpu_ids:2 nr_node_ids:1
[    0.000000] PERCPU: Embedded 33 pages/cpu @ffff88003fc00000 s95192 r8192 d31784 u1048576
[    0.000000] Built 1 zonelists in Node order, mobility grouping on.  Total pages: 257912
[    0.000000] Policy zone: DMA32
[    0.000000] Kernel command line: BOOT_IMAGE=/boot/vmlinuz-4.4.0-210-generic root=LABEL=cloudimg-rootfs ro console=tty1 console=ttyS0
[    0.000000] PID hash table entries: 4096 (order: 3, 32768 bytes)
[    0.000000] Memory: 997792K/1048120K available (8644K kernel code, 1332K rwdata, 4044K rodata, 1492K init, 1164K bss, 50328K reserved, 0K cma-reserved)
[    0.000000] SLUB: HWalign=64, Order=0-3, MinObjects=0, CPUs=2, Nodes=1
[    0.000000] Kernel/User page tables isolation: enabled
[    0.000000] Hierarchical RCU implementation.
[    0.000000] 	Build-time adjustment of leaf fanout to 64.
[    0.000000] 	RCU restricting CPUs from NR_CPUS=512 to nr_cpu_ids=2.
[    0.000000] RCU: Adjusting geometry for rcu_fanout_leaf=64, nr_cpu_ids=2
[    0.000000] NR_IRQS:33024 nr_irqs:440 16
[    0.000000] Console: colour VGA+ 80x25
[    0.000000] console [tty1] enabled
[    0.000000] console [ttyS0] enabled
[    0.000000] tsc: Detected 2208.000 MHz processor
[    0.148555] Calibrating delay loop (skipped) preset value.. 4416.00 BogoMIPS (lpj=8832000)
[    0.150332] pid_max: default: 32768 minimum: 301
[    0.151299] ACPI: Core revision 20150930
[    0.152923] ACPI: 2 ACPI AML tables successfully acquired and loaded
[    0.154765] Security Framework initialized
[    0.155789] Yama: becoming mindful.
[    0.156577] AppArmor: AppArmor initialized
[    0.157509] Dentry cache hash table entries: 131072 (order: 8, 1048576 bytes)
[    0.160312] Inode-cache hash table entries: 65536 (order: 7, 524288 bytes)
[    0.162090] Mount-cache hash table entries: 2048 (order: 2, 16384 bytes)
[    0.163569] Mountpoint-cache hash table entries: 2048 (order: 2, 16384 bytes)
[    0.165228] Initializing cgroup subsys io
[    0.166116] Initializing cgroup subsys memory
[    0.167054] Initializing cgroup subsys devices
[    0.168171] Initializing cgroup subsys freezer
[    0.169430] Initializing cgroup subsys net_cls
[    0.170767] Initializing cgroup subsys perf_event
[    0.171843] Initializing cgroup subsys net_prio
[    0.172805] Initializing cgroup subsys hugetlb
[    0.173743] Initializing cgroup subsys pids
[    0.187571] mce: CPU supports 0 MCE banks
[    0.188754] Last level iTLB entries: 4KB 64, 2MB 8, 4MB 8
[    0.189850] Last level dTLB entries: 4KB 64, 2MB 0, 4MB 0, 1GB 4
[    0.191856] Spectre V1 : Mitigation: usercopy/swapgs barriers and __user pointer sanitization
[    0.193760] Spectre V2 : Mitigation: Full generic retpoline
[    0.195118] Spectre V2 : Spectre v2 / SpectreRSB mitigation: Filling RSB on context switch
[    0.196876] Speculative Store Bypass: Vulnerable
[    0.198097] SRBDS: Unknown: Dependent on hypervisor status
[    0.199455] MDS: Mitigation: Clear CPU buffers
[    0.202601] Freeing SMP alternatives memory: 36K
[    0.208700] ftrace: allocating 32380 entries in 127 pages
[    0.259365] smpboot: APIC(0) Converting physical 0 to logical package 0
[    0.261298] smpboot: Max logical packages: 1
[    0.262396] x2apic enabled
[    0.263252] Switched APIC routing to physical x2apic.
[    0.265909] ..TIMER: vector=0x30 apic1=0 pin1=2 apic2=-1 pin2=-1
[    0.375396] smpboot: CPU0: Intel(R) Core(TM) i7-8750H CPU @ 2.20GHz (family: 0x6, model: 0x9e, stepping: 0xa)
[    0.377607] Performance Events: unsupported p6 CPU model 158 no PMU driver, software events only.
[    0.388496] KVM setup paravirtual spinlock
[    0.390033] x86: Booting SMP configuration:
[    0.390937] .... node  #0, CPUs:      #1
[    0.391912] kvm-clock: cpu 1, msr 0:3ffe3041, secondary cpu clock
[    0.405208] mce: CPU supports 0 MCE banks
[    0.408305] x86: Booted up 1 node, 2 CPUs
[    0.409434] smpboot: Total of 2 processors activated (8832.00 BogoMIPS)
[    0.411598] devtmpfs: initialized
[    0.413955] evm: security.selinux
[    0.414761] evm: security.SMACK64
[    0.415964] evm: security.SMACK64EXEC
[    0.416917] evm: security.SMACK64TRANSMUTE
[    0.417845] evm: security.SMACK64MMAP
[    0.418647] evm: security.ima
[    0.419333] evm: security.capability
[    0.420353] clocksource: jiffies: mask: 0xffffffff max_cycles: 0xffffffff, max_idle_ns: 7645041785100000 ns
[    0.422361] futex hash table entries: 512 (order: 3, 32768 bytes)
[    0.423717] pinctrl core: initialized pinctrl subsystem
[    0.424994] RTC time: 20:37:03, date: 02/28/22
[    0.426379] NET: Registered protocol family 16
[    0.439027] cpuidle: using governor ladder
[    0.451425] cpuidle: using governor menu
[    0.453026] PCCT header not found.
[    0.454360] ACPI: bus type PCI registered
[    0.455435] acpiphp: ACPI Hot Plug PCI Controller Driver version: 0.5
[    0.457332] PCI: Using configuration type 1 for base access
[    0.471654] ACPI: Added _OSI(Module Device)
[    0.472964] ACPI: Added _OSI(Processor Device)
[    0.474040] ACPI: Added _OSI(3.0 _SCP Extensions)
[    0.475186] ACPI: Added _OSI(Processor Aggregator Device)
[    0.477161] ACPI: Executed 1 blocks of module-level executable AML code
[    0.480330] ACPI: Interpreter enabled
[    0.481544] ACPI: (supports S0 S5)
[    0.482425] ACPI: Using IOAPIC for interrupt routing
[    0.483707] PCI: Using host bridge windows from ACPI; if necessary, use "pci=nocrs" and report a bug
[    0.489844] ACPI: PCI Root Bridge [PCI0] (domain 0000 [bus 00-ff])
[    0.491347] acpi PNP0A03:00: _OSC: OS supports [ASPM ClockPM Segments MSI]
[    0.493061] acpi PNP0A03:00: _OSC: not requesting OS control; OS requires [ExtendedConfig ASPM ClockPM MSI]
[    0.495570] acpi PNP0A03:00: fail to add MMCONFIG information, can't access extended PCI configuration space under this bridge.
[    0.498850] PCI host bridge to bus 0000:00
[    0.499919] pci_bus 0000:00: root bus resource [io  0x0000-0x0cf7 window]
[    0.501289] pci_bus 0000:00: root bus resource [io  0x0d00-0xffff window]
[    0.502602] pci_bus 0000:00: root bus resource [mem 0x000a0000-0x000bffff window]
[    0.504789] pci_bus 0000:00: root bus resource [mem 0x40000000-0xfdffffff window]
[    0.506584] pci_bus 0000:00: root bus resource [bus 00-ff]
[    0.509919] pci 0000:00:01.1: legacy IDE quirk: reg 0x10: [io  0x01f0-0x01f7]
[    0.511762] pci 0000:00:01.1: legacy IDE quirk: reg 0x14: [io  0x03f6]
[    0.513372] pci 0000:00:01.1: legacy IDE quirk: reg 0x18: [io  0x0170-0x0177]
[    0.522718] pci 0000:00:01.1: legacy IDE quirk: reg 0x1c: [io  0x0376]
[    0.535256] pci 0000:00:07.0: quirk: [io  0x4000-0x403f] claimed by PIIX4 ACPI
[    0.537652] pci 0000:00:07.0: quirk: [io  0x4100-0x410f] claimed by PIIX4 SMB
[    0.543432] ACPI: PCI Interrupt Link [LNKA] (IRQs 5 9 10 *11)
[    0.545895] ACPI: PCI Interrupt Link [LNKB] (IRQs 5 9 *10 11)
[    0.547938] ACPI: PCI Interrupt Link [LNKC] (IRQs 5 *9 10 11)
[    0.549835] ACPI: PCI Interrupt Link [LNKD] (IRQs 5 9 10 *11)
[    0.551467] ACPI: Enabled 2 GPEs in block 00 to 07
[    0.552911] vgaarb: setting as boot device: PCI:0000:00:02.0
[    0.554484] vgaarb: device added: PCI:0000:00:02.0,decodes=io+mem,owns=io+mem,locks=none
[    0.556719] vgaarb: loaded
[    0.557381] vgaarb: bridge control possible 0000:00:02.0
[    0.558747] SCSI subsystem initialized
[    0.559701] ACPI: bus type USB registered
[    0.560894] usbcore: registered new interface driver usbfs
[    0.562325] usbcore: registered new interface driver hub
[    0.563482] usbcore: registered new device driver usb
[    0.566004] PCI: Using ACPI for IRQ routing
[    0.567294] NetLabel: Initializing
[    0.568346] NetLabel:  domain hash size = 128
[    0.569520] NetLabel:  protocols = UNLABELED CIPSOv4
[    0.570557] NetLabel:  unlabeled traffic allowed by default
[    0.572104] amd_nb: Cannot enumerate AMD northbridges
[    0.573203] clocksource: Switched to clocksource kvm-clock
[    0.580957] AppArmor: AppArmor Filesystem Enabled
[    0.582304] pnp: PnP ACPI init
[    0.584871] pnp: PnP ACPI: found 3 devices
[    0.593343] clocksource: acpi_pm: mask: 0xffffff max_cycles: 0xffffff, max_idle_ns: 2085701024 ns
[    0.595685] NET: Registered protocol family 2
[    0.596744] TCP established hash table entries: 8192 (order: 4, 65536 bytes)
[    0.598345] TCP bind hash table entries: 8192 (order: 5, 131072 bytes)
[    0.599913] TCP: Hash tables configured (established 8192 bind 8192)
[    0.601715] UDP hash table entries: 512 (order: 2, 16384 bytes)
[    0.603001] UDP-Lite hash table entries: 512 (order: 2, 16384 bytes)
[    0.604506] NET: Registered protocol family 1
[    0.605870] pci 0000:00:00.0: Limiting direct PCI/PCI transfers
[    0.607276] pci 0000:00:01.0: Activating ISA DMA hang workarounds
[    0.608968] Unpacking initramfs...
[    0.794133] Freeing initrd memory: 14888K
[    0.795607] clocksource: tsc: mask: 0xffffffffffffffff max_cycles: 0x1fd3b81b95f, max_idle_ns: 440795257325 ns
[    0.798235] platform rtc_cmos: registered platform RTC device (no PNP device found)
[    0.800076] Scanning for low memory corruption every 60 seconds
[    0.801608] audit: initializing netlink subsys (disabled)
[    0.802730] audit: type=2000 audit(1646080629.429:1): initialized
[    0.804170] Initialise system trusted keyring
[    0.805886] HugeTLB registered 2 MB page size, pre-allocated 0 pages
[    0.808285] zbud: loaded
[    0.809179] VFS: Disk quotas dquot_6.6.0
[    0.810321] VFS: Dquot-cache hash table entries: 512 (order 0, 4096 bytes)
[    0.811870] squashfs: version 4.0 (2009/01/31) Phillip Lougher
[    0.813316] fuse init (API version 7.23)
[    0.814792] Key type big_key registered
[    0.816033] Allocating IMA MOK and blacklist keyrings.
[    0.817789] Key type asymmetric registered
[    0.818683] Asymmetric key parser 'x509' registered
[    0.819749] Block layer SCSI generic (bsg) driver version 0.4 loaded (major 249)
[    0.821548] io scheduler noop registered
[    0.822979] io scheduler deadline registered (default)
[    0.824303] io scheduler cfq registered
[    0.825277] pci_hotplug: PCI Hot Plug PCI Core version: 0.5
[    0.826456] pciehp: PCI Express Hot Plug Controller Driver version: 0.4
[    0.828052] ACPI: AC Adapter [AC] (on-line)
[    0.829016] input: Power Button as /devices/LNXSYSTM:00/LNXPWRBN:00/input/input0
[    0.830973] ACPI: Power Button [PWRF]
[    0.831989] input: Sleep Button as /devices/LNXSYSTM:00/LNXSLPBN:00/input/input1
[    0.833872] ACPI: Sleep Button [SLPF]
[    0.835168] GHES: HEST is not enabled!
[    0.836196] ACPI: Battery Slot [BAT0] (battery present)
[    0.837374] Serial: 8250/16550 driver, 32 ports, IRQ sharing enabled
[    0.859683] 00:02: ttyS0 at I/O 0x3f8 (irq = 4, base_baud = 115200) is a 16550A
[    0.864360] Linux agpgart interface v0.103
[    0.866409] loop: module loaded
[    0.867570] scsi host0: ata_piix
[    0.868389] scsi host1: ata_piix
[    0.869148] ata1: PATA max UDMA/33 cmd 0x1f0 ctl 0x3f6 bmdma 0xd000 irq 14
[    0.871223] ata2: PATA max UDMA/33 cmd 0x170 ctl 0x376 bmdma 0xd008 irq 15
[    0.872805] libphy: Fixed MDIO Bus: probed
[    0.873834] tun: Universal TUN/TAP device driver, 1.6
[    0.875648] tun: (C) 1999-2004 Max Krasnyansky <maxk@qualcomm.com>
[    0.876980] PPP generic driver version 2.4.2
[    0.878500] ehci_hcd: USB 2.0 'Enhanced' Host Controller (EHCI) Driver
[    0.880346] ehci-pci: EHCI PCI platform driver
[    0.881537] ehci-platform: EHCI generic platform driver
[    0.882657] ohci_hcd: USB 1.1 'Open' Host Controller (OHCI) Driver
[    0.883900] ohci-pci: OHCI PCI platform driver
[    0.884850] ohci-platform: OHCI generic platform driver
[    0.886029] uhci_hcd: USB Universal Host Controller Interface driver
[    0.887335] i8042: PNP: PS/2 Controller [PNP0303:PS2K,PNP0f03:PS2M] at 0x60,0x64 irq 1,12
[    0.889429] serio: i8042 KBD port at 0x60,0x64 irq 1
[    0.890528] serio: i8042 AUX port at 0x60,0x64 irq 12
[    0.891754] mousedev: PS/2 mouse device common for all mice
[    0.893133] input: AT Translated Set 2 keyboard as /devices/platform/i8042/serio0/input/input2
[    0.895864] rtc_cmos rtc_cmos: rtc core: registered rtc_cmos as rtc0
[    0.897650] rtc_cmos rtc_cmos: alarms up to one day, 114 bytes nvram
[    0.898933] i2c /dev entries driver
[    0.899754] device-mapper: uevent: version 1.0.3
[    0.901081] device-mapper: ioctl: 4.34.0-ioctl (2015-10-28) initialised: dm-devel@redhat.com
[    0.903375] ledtrig-cpu: registered to indicate activity on CPUs
[    0.905056] NET: Registered protocol family 10
[    0.906195] NET: Registered protocol family 17
[    0.907155] Key type dns_resolver registered
[    0.908322] registered taskstats version 1
[    0.909221] Loading compiled-in X.509 certificates
[    0.910763] Loaded X.509 cert 'Build time autogenerated kernel key: cf00e047681d67edb2720680708b7d9498083038'
[    0.912807] zswap: loaded using pool lzo/zbud
[    0.915668] Key type trusted registered
[    0.919263] Key type encrypted registered
[    0.920155] AppArmor: AppArmor sha1 policy hashing enabled
[    0.921462] ima: No TPM chip found, activating TPM-bypass!
[    0.922631] ima: Allocated hash algorithm: sha1
[    0.923587] evm: HMAC attrs: 0x1
[    0.924827]   Magic number: 10:782:650
[    0.925871] tty ttyprintk: hash matches
[    0.926944] rtc_cmos rtc_cmos: setting system clock to 2022-02-28 20:37:04 UTC (1646080624)
[    0.928827] BIOS EDD facility v0.16 2004-Jun-25, 0 devices found
[    0.930086] EDD information not available.
[    1.053101] Freeing unused kernel memory: 1492K
[    1.054353] Write protecting the kernel read-only data: 14336k
[    1.056282] Freeing unused kernel memory: 1584K
[    1.057483] Freeing unused kernel memory: 52K
Loading, please wait...
starting version 229
[    1.071726] random: systemd-udevd: uninitialized urandom read (16 bytes read, 3 bits of entropy available)
[    1.072602] random: udevadm: uninitialized urandom read (16 bytes read, 3 bits of entropy available)
[    1.072629] random: udevadm: uninitialized urandom read (16 bytes read, 3 bits of entropy available)
[    1.078903] random: systemd-udevd: uninitialized urandom read (16 bytes read, 3 bits of entropy available)
[    1.080159] random: udevadm: uninitialized urandom read (16 bytes read, 3 bits of entropy available)
[    1.080208] random: udevadm: uninitialized urandom read (16 bytes read, 3 bits of entropy available)
[    1.080369] random: udevadm: uninitialized urandom read (16 bytes read, 3 bits of entropy available)
[    1.080439] random: udevadm: uninitialized urandom read (16 bytes read, 3 bits of entropy available)
[    1.080513] random: udevadm: uninitialized urandom read (16 bytes read, 3 bits of entropy available)
[    1.080582] random: udevadm: uninitialized urandom read (16 bytes read, 3 bits of entropy available)
[    1.136913] Fusion MPT base driver 3.04.20
[    1.139161] Copyright (c) 1999-2008 LSI Corporation
[    1.141618] e1000: Intel(R) PRO/1000 Network Driver - version 7.3.21-k8-NAPI
[    1.143824] e1000: Copyright (c) 1999-2006 Intel Corporation.
[    1.152047] Fusion MPT SPI Host driver 3.04.20
[    1.171330] AVX2 version of gcm_enc/dec engaged.
[    1.173387] AES CTR mode by8 optimization enabled
[    1.354413] input: ImExPS/2 Generic Explorer Mouse as /devices/platform/i8042/serio1/input/input4
[    1.555280] e1000 0000:00:03.0 eth0: (PCI:33MHz:32-bit) 02:be:82:6b:cc:1d
[    1.557394] e1000 0000:00:03.0 eth0: Intel(R) PRO/1000 Network Connection
[    1.559849] mptbase: ioc0: Initiating bringup
[    1.562179] e1000 0000:00:03.0 enp0s3: renamed from eth0
[    1.621635] ioc0: LSI53C1030 A0: Capabilities={Initiator}
[    1.785372] scsi host2: ioc0: LSI53C1030 A0, FwRev=00000000h, Ports=1, MaxQ=256, IRQ=20
[    1.903416] scsi 2:0:0:0: Direct-Access     VBOX     HARDDISK         1.0  PQ: 0 ANSI: 5
[    1.906890] scsi target2:0:0: Beginning Domain Validation
[    1.910239] scsi target2:0:0: Domain Validation skipping write tests
[    1.911964] scsi target2:0:0: Ending Domain Validation
[    1.913607] scsi target2:0:0: asynchronous
[    1.915340] scsi 2:0:1:0: Direct-Access     VBOX     HARDDISK         1.0  PQ: 0 ANSI: 5
[    1.917596] scsi target2:0:1: Beginning Domain Validation
[    1.919950] scsi target2:0:1: Domain Validation skipping write tests
[    1.930767] scsi target2:0:1: Ending Domain Validation
[    1.932637] scsi target2:0:1: asynchronous
[    1.939121] sd 2:0:0:0: [sda] 83886080 512-byte logical blocks: (42.9 GB/40.0 GiB)
[    1.939441] sd 2:0:0:0: Attached scsi generic sg0 type 0
[    1.939579] sd 2:0:1:0: Attached scsi generic sg1 type 0
[    1.940436] sd 2:0:1:0: [sdb] 20480 512-byte logical blocks: (10.5 MB/10.0 MiB)
[    1.940532] sd 2:0:1:0: [sdb] Write Protect is off
[    1.940591] sd 2:0:1:0: [sdb] Incomplete mode parameter data
[    1.940592] sd 2:0:1:0: [sdb] Assuming drive cache: write through
[    1.942140] sd 2:0:1:0: [sdb] Attached SCSI disk
[    1.952482] sd 2:0:0:0: [sda] Write Protect is off
[    1.953851] sd 2:0:0:0: [sda] Incomplete mode parameter data
[    1.955565] sd 2:0:0:0: [sda] Assuming drive cache: write through
[    1.959109]  sda: sda1
[    1.960583] sd 2:0:0:0: [sda] Attached SCSI disk
Begin: Loading essential drivers ... [    3.236987] md: linear personality registered for level -1
[    3.240503] md: multipath personality registered for level -4
[    3.244024] md: raid0 personality registered for level 0
[    3.248612] md: raid1 personality registered for level 1
[    3.317254] raid6: sse2x1   gen() 13536 MB/s
[    3.390072] raid6: sse2x1   xor() 10593 MB/s
[    3.457360] raid6: sse2x2   gen() 16519 MB/s
[    3.525301] raid6: sse2x2   xor() 10876 MB/s
[    3.593237] raid6: sse2x4   gen() 17892 MB/s
[    3.661391] raid6: sse2x4   xor() 11609 MB/s
[    3.730485] raid6: avx2x1   gen() 24062 MB/s
[    3.797226] raid6: avx2x2   gen() 30830 MB/s
[    3.865261] raid6: avx2x4   gen() 33517 MB/s
[    3.866510] raid6: using algorithm avx2x4 gen() 33517 MB/s
[    3.867689] raid6: using avx2x2 recovery algorithm
[    3.870393] xor: automatically using best checksumming function:
[    3.909327]    avx       : 27908.000 MB/sec
[    3.911491] async_tx: api initialized (async)
[    3.919043] md: raid6 personality registered for level 6
[    3.920827] md: raid5 personality registered for level 5
[    3.922109] md: raid4 personality registered for level 4
[    3.928257] md: raid10 personality registered for level 10
done.
Begin: Running /scripts/init-premount ... done.
Begin: Mounting root file system ... Begin: Running /scripts/local-top ... done.
Begin: Running /scripts/local-premount ... [    3.953002] Btrfs loaded
Scanning for Btrfs filesystems
done.
Warning: fsck not present, so skipping root file system
[    3.975502] EXT4-fs (sda1): mounted filesystem with ordered data mode. Opts: (null)
done.
Begin: Running /scripts/local-bottom ... done.
Begin: Running /scripts/init-bottom ... done.
[    4.062999] systemd[1]: systemd 229 running in system mode. (+PAM +AUDIT +SELINUX +IMA +APPARMOR +SMACK +SYSVINIT +UTMP +LIBCRYPTSETUP +GCRYPT +GNUTLS +ACL +XZ -LZ4 +SECCOMP +BLKID +ELFUTILS +KMOD -IDN)
[    4.066738] systemd[1]: Detected virtualization oracle.
[    4.067828] systemd[1]: Detected architecture x86-64.

Welcome to [1mUbuntu 16.04.7 LTS[0m!

[    4.072112] systemd[1]: Set hostname to <ubuntu>.
[    4.075528] systemd[1]: Initializing machine ID from random generator.
[    4.076978] systemd[1]: Installed transient /etc/machine-id file.
[    4.200673] systemd[1]: Listening on LVM2 poll daemon socket.
[[0;32m  OK  [0m] Listening on LVM2 poll daemon socket.
[    4.209550] systemd[1]: Listening on fsck to fsckd communication Socket.
[[0;32m  OK  [0m] Listening on fsck to fsckd communication Socket.
[    4.213472] systemd[1]: Set up automount Arbitrary Executable File Formats File System Automount Point.
[[0;32m  OK  [0m] Set up automount Arbitrary Executab...ats File System Automount Point.
[    4.217324] systemd[1]: Listening on udev Control Socket.
[[0;32m  OK  [0m] Listening on udev Control Socket.
[    4.219500] systemd[1]: Listening on Device-mapper event daemon FIFOs.
[[0;32m  OK  [0m] Listening on Device-mapper event daemon FIFOs.
[    4.222483] systemd[1]: Listening on Journal Socket (/dev/log).
[[0;32m  OK  [0m] Listening on Journal Socket (/dev/log).
[    4.225376] systemd[1]: Created slice User and Session Slice.
[[0;32m  OK  [0m] Created slice User and Session Slice.
[    4.228033] systemd[1]: Listening on Journal Audit Socket.
[[0;32m  OK  [0m] Listening on Journal Audit Socket.
[    4.230344] systemd[1]: Reached target Swap.
[[0;32m  OK  [0m] Reached target Swap.
[    4.232242] systemd[1]: Reached target User and Group Name Lookups.
[[0;32m  OK  [0m] Reached target User and Group Name Lookups.
[    4.234893] systemd[1]: Created slice System Slice.
[[0;32m  OK  [0m] Created slice System Slice.
[    4.237541] systemd[1]: Created slice system-serial\x2dgetty.slice.
[[0;32m  OK  [0m] Created slice system-serial\x2dgetty.slice.
[    4.239851] systemd[1]: Listening on Journal Socket.
[[0;32m  OK  [0m] Listening on Journal Socket.
[    4.253588] systemd[1]: Starting File System Check on Root Device...
         Starting File System Check on Root Device...
[    4.257138] systemd[1]: Starting Create list of required static device nodes for the current kernel...
         Starting Create list of required st... nodes for the current kernel...
[    4.262423] systemd[1]: Mounting Debug File System...
         Mounting Debug File System...
[    4.268563] systemd[1]: Starting Uncomplicated firewall...
         Starting Uncomplicated firewall...
[    4.271306] systemd[1]: Listening on Syslog Socket.
[[0;32m  OK  [0m] Listening on Syslog Socket.
[    4.273787] systemd[1]: Listening on /dev/initctl Compatibility Named Pipe.
[[0;32m  OK  [0m] Listening on /dev/initctl Compatibility Named Pipe.
[    4.277454] systemd[1]: Listening on udev Kernel Socket.
[[0;32m  OK  [0m] Listening on udev Kernel Socket.
[    4.280688] systemd[1]: Mounting POSIX Message Queue File System...
         Mounting POSIX Message Queue File System...
[    4.290013] systemd[1]: Started Forward Password Requests to Wall Directory Watch.
[[0;32m  OK  [0m] Started Forward Password Requests to Wall Directory Watch.
[    4.313585] systemd[1]: Mounting Huge Pages File System...
         Mounting Huge Pages File System...
[    4.317902] systemd[1]: Starting Journal Service...
         Starting Journal Service...
[    4.320870] systemd[1]: Starting Nameserver information manager...
         Starting Nameserver information manager...
[    4.324160] systemd[1]: Listening on LVM2 metadata daemon socket.
[[0;32m  OK  [0m] Listening on LVM2 metadata daemon socket.
[    4.327971] systemd[1]: Starting Monitoring of LVM2 mirrors, snapshots etc. using dmeventd or progress polling...
         Starting Monitoring of LVM2 mirrors... dmeventd or progress polling...
[    4.333677] systemd[1]: Reached target Slices.
[[0;32m  OK  [0m] Reached target Slices.
[    4.335955] systemd[1]: Reached target Encrypted Volumes.
[[0;32m  OK  [0m] Reached target Encrypted Volumes.
[    4.338754] systemd[1]: Reached target System Time Synchronized.
[[0;32m  OK  [0m] Reached target System Time Synchronized.
[    4.342356] systemd[1]: Starting Set console keymap...
         Starting Set console keymap...
[    4.346006] systemd[1]: Started Trigger resolvconf update for networkd DNS.
[[0;32m  OK  [0m] Started Trigger resolvconf update for networkd DNS.
[    4.351589] systemd[1]: Starting Load Kernel Modules...
         Starting Load Kernel Modules...
[    4.358286] systemd[1]: Mounted Huge Pages File System.
[[0;32m  OK  [0m] Mounted Huge Pages File System.
[    4.360547] systemd[1]: Mounted POSIX Message Queue File System.
[[0;32m  OK  [0m] Mounted POSIX Message Queue File System.
[    4.363350] Loading iSCSI transport class v2.0-870.
[    4.363351] systemd[1]: Mounted Debug File System.
[[0;32m  OK  [0m] Mounted Debug File System.
[    4.367518] systemd[1]: Started Journal Service.
[[0;32m  OK  [0m] Started Journal Service.
[    4.373064] iscsi: registered transport (tcp)
[[0;32m  OK  [0m] Started File System Check on Root Device.
[[0;32m  OK  [0m] Started Create list of required sta...ce nodes for the current kernel.
[[0;32m  OK  [0m] Started Uncomplicated firewall.
[[0;32m  OK  [0m] Started File System Check Daemon to report status.
[[0;32m  OK  [0m] Started LVM2 metadata daemon.
         Starting Create Static Device Nodes in /dev...
         Starting Remount Root and Kernel File Systems...
[[0;32m  OK  [0m] Started Nameserver information manager.
[    4.397989] EXT4-fs (sda1): re-mounted. Opts: (null)
[[0;32m  OK  [0m] Started Remount Root and Kernel File Systems.
         Starting Flush Journal to Persistent Storage...
         Starting Load/Save Random Seed...
         Starting udev Coldplug all Devices...
[[0;32m  OK  [0m] Started Load/Save Random Seed.
[    4.416322] systemd-journald[390]: Received request to flush runtime journal from PID 1
[[0;32m  OK  [0m] Started Flush Journal to Persistent Storage.
[[0;32m  OK  [0m] Started Create Static Device Nodes in /dev.
         Starting udev Kernel Device Manager...
[[0;32m  OK  [0m] Started Set console keymap.
[    4.455155] iscsi: registered transport (iser)
[[0;32m  OK  [0m] Started Load Kernel Modules.
         Starting Apply Kernel Variables...
         Mounting FUSE Control File System...
[[0;32m  OK  [0m] Mounted FUSE Control File System.
[[0;32m  OK  [0m] Started udev Kernel Device Manager.
[[0;32m  OK  [0m] Started Apply Kernel Variables.
[[0;32m  OK  [0m] Started udev Coldplug all Devices.
[[0;32m  OK  [0m] Started Dispatch Password Requests to Console Directory Watch.
[[0;32m  OK  [0m] Found device /dev/ttyS0.
[[0;32m  OK  [0m] Listening on Load/Save RF Kill Switch Status /dev/rfkill Watch.
[[0;32m  OK  [0m] Started Monitoring of LVM2 mirrors,...ng dmeventd or progress polling.
[[0;32m  OK  [0m] Reached target Local File Systems (Pre).
[[0;32m  OK  [0m] Reached target Local File Systems.
         Starting Tell Plymouth To Write Out Runtime Data...
         Starting Commit a transient machine-id on disk...
         Starting LSB: AppArmor initialization...
         Starting Create Volatile Files and Directories...
         Starting Initial cloud-init job (pre-networking)...
         Starting Set console font and keymap...
[[0;32m  OK  [0m] Started Create Volatile Files and Directories.
[[0;32m  OK  [0m] Started Tell Plymouth To Write Out Runtime Data.
         Starting Update UTMP about System Boot/Shutdown...
[[0;32m  OK  [0m] Started Commit a transient machine-id on disk.
[[0;32m  OK  [0m] Started Update UTMP about System Boot/Shutdown.
[    5.364972] [cloud-init[0;32m  OK  [0m[551]: ] Cloud-init v. 21.1-19-gbad84ad4-0ubuntu1~16.04.2 running 'init-local' at Mon, 28 Feb 2022 20:37:08 +0000. Up 5.04 seconds.Started LSB: AppArmor initialization.

         Starting Load AppArmor profiles managed internally by snapd...
[[0;32m  OK  [0m] Started Load AppArmor profiles managed internally by snapd.
[[0;32m  OK  [0m] Started Initial cloud-init job (pre-networking).
[[0;32m  OK  [0m] Started Set console font and keymap.
[[0;32m  OK  [0m] Created slice system-getty.slice.
[[0;32m  OK  [0m] Reached target Network (Pre).
         Starting Raise network interfaces...
[[0;32m  OK  [0m] Started Raise network interfaces.
         Starting Initial cloud-init job (metadata service crawler)...
[[0;32m  OK  [0m] Reached target Network.
[    6.432685] cloud-init[955]: Cloud-init v. 21.1-19-gbad84ad4-0ubuntu1~16.04.2 running 'init' at Mon, 28 Feb 2022 20:37:09 +0000. Up 6.09 seconds.
[    6.434920] cloud-init[955]: ci-info: ++++++++++++++++++++++++++++++++++++++Net device info++++++++++++++++++++++++++++++++++++++
[    6.440451] cloud-init[955]: ci-info: +--------+------+----------------------------+---------------+--------+-------------------+
[    6.442284] cloud-init[955]: ci-info: | Device |  Up  |          Address           |      Mask     | Scope  |     Hw-Address    |
[    6.443875] cloud-init[955]: ci-info: +--------+------+----------------------------+---------------+--------+-------------------+
[    6.445447] cloud-init[955]: ci-info: | enp0s3 | True |         10.0.2.15          | 255.255.255.0 | global | 02:be:82:6b:cc:1d |
[    6.447551] cloud-init[955]: ci-info: | enp0s3 | True | fe80::be:82ff:fe6b:cc1d/64 |       .       |  link  | 02:be:82:6b:cc:1d |
[    6.449767] cloud-init[955]: ci-info: |   lo   | True |         127.0.0.1          |   255.0.0.0   |  host  |         .         |
[    6.456912] cloud-init[955]: ci-info: |   lo   | True |          ::1/128           |       .       |  host  |         .         |
[    6.458620] cloud-init[955]: ci-info: +--------+------+----------------------------+---------------+--------+-------------------+
[    6.460183] cloud-init[955]: ci-info: +++++++++++++++++++++++++++Route IPv4 info++++++++++++++++++++++++++++
[    6.468482] cloud-init[955]: ci-info: +-------+-------------+----------+---------------+-----------+-------+
[    6.470088] cloud-init[955]: ci-info: | Route | Destination | Gateway  |    Genmask    | Interface | Flags |
[    6.471539] cloud-init[955]: ci-info: +-------+-------------+----------+---------------+-----------+-------+
[    6.473561] cloud-init[955]: ci-info: |   0   |   0.0.0.0   | 10.0.2.2 |    0.0.0.0    |   enp0s3  |   UG  |
[    6.480492] cloud-init[955]: ci-info: |   1   |   10.0.2.0  | 0.0.0.0  | 255.255.255.0 |   enp0s3  |   U   |
[    6.482055] cloud-init[955]: ci-info: +-------+-------------+----------+---------------+-----------+-------+
[    6.484217] cloud-init[955]: ci-info: +++++++++++++++++++Route IPv6 info+++++++++++++++++++
[    6.485399] cloud-init[955]: ci-info: +-------+-------------+---------+-----------+-------+
[    6.486832] cloud-init[955]: ci-info: | Route | Destination | Gateway | Interface | Flags |
[[0;32m  OK  [0m] Started Initial cloud-init job (metadata service crawler).
[    6.487057] cloud-init[955]: ci-info: +-------+-------------+---------+-----------+-------+
[    6.488819] cloud-init[955]: ci-info: |   0   |  fe80::/64  |    ::   |   enp0s3  |   U   |
[    6.489537] cloud-init[955]: ci-info: |   3   |   ff00::/8  |    ::   |   enp0s3  |   U   |
[[0;32m  OK  [0m] Reached target Cloud-config availability.
[    6.489576] cloud-init[955]: ci-info: +-------+-------------+---------+-----------+-------+
[    6.489822] cloud-init[955]: Generating public/private rsa key pair.
[    6.490144] cloud-init[955]: Your identification has been saved in /etc/ssh/ssh_host_rsa_key.
[    6.490180] cloud-init[955]: Your public key has been saved in /etc/ssh/ssh_host_rsa_key.pub.
[[0;32m  OK  [0m] Reached target Network is Online.
[    6.490238] cloud-init[955]: The key fingerprint is:
[    6.504719] cloud-init[955]: SHA256:2iozNyhRlyoFH7QI4FHvizNS6EkovcAbVvVKg+RdmMg root@ubuntu-xenial
[    6.506074] cloud-init[955]: The key's randomart image is:
         Starting iSCSI initiator daemon (iscsid)...
[[0;32m  OK  [0m] Reached target System Initialization.
[[0;32m  OK  [0m] Started Ubuntu Advantage update messaging.
[[0;32m  OK  [0m] Started Daily apt download activities.
[    6.519180] cloud-init[955]: +---[RSA 2048]----+
[[0;32m  OK  [0m] Started ACPI Events Check.
[[0;32m  OK  [0m] Reached target Paths.
[    6.545515] cloud-init[955]: |+.o+o.o.         |
[    6.556431] cloud-init[955]: |..=E*+o          |
[    6.564694] cloud-init[955]: | ..*.* o         |
[    6.572873] cloud-init[955]: |o.o * =          |
         Starting LXD - unix socket.
[[0;32m  OK  [0m] Started Message of the Day.
[[0;32m  OK  [0m] Listening on D-Bus System Message Bus Socket.
[    6.577038] cloud-init[955]: |+*.+ =  S        |
[    6.580215] cloud-init[955]: |=.B.o .o         |
[    6.580377] cloud-init[955]: | =.* o. .        |
[    6.580413] cloud-init[955]: |  o B o.         |
[    6.580489] cloud-init[955]: |   . =..         |
[    6.580530] cloud-init[955]: +----[SHA256]-----+
[    6.580726] cloud-init[955]: Generating public/private dsa key pair.
[    6.580912] cloud-init[955]: Your identification has been saved in /etc/ssh/ssh_host_dsa_key.
[    6.581306] cloud-init[955]: Your public key has been saved in /etc/ssh/ssh_host_dsa_key.pub.
[    6.582062] cloud-init[955]: The key fingerprint is:
[    6.582642] cloud-init[955]: SHA256:VWAYJb2hhyijOu2SFQDwRECNxwU5Sv8nZOWZv7gKlD4 root@ubuntu-xenial
[    6.582869] cloud-init[955]: The key's randomart image is:
[    6.583124] cloud-init[955]: +---[DSA 1024]----+
[    6.583477] cloud-init[955]: |B+*.+.  o=+..    |
[    6.583622] cloud-init[955]: |.= *   ..oo.     |
[    6.583658] cloud-init[955]: |..= . o.oo.o     |
[    6.583816] cloud-init[955]: | ...+o.+o.o      |
[[0;32m  OK  [0m] Started Daily Cleanup of Temporary Directories.
[[0;32m  OK  [0m] Listening on ACPID Listen Socket.
         Starting Socket activation for snappy daemon.
[[0;32m  OK  [0m] Listening on UUID daemon activation socket.
[[0;32m  OK  [0m] Started Daily apt upgrade and clean activities.
[[0;32m  OK  [0m] Reached target Timers.
[[0;32m  OK  [0m] Listening on LXD - unix socket.
[[0;32m  OK  [0m] Listening on Socket activation for snappy daemon.
[[0;32m  OK  [0m] Started iSCSI initiator daemon (iscsid).
[    6.596593] cloud-init[955]: |   =+o  S.       |
[    6.620941] cloud-init[955]: |  =  o . .       |
[    6.621287] cloud-init[955]: | = E  o . .      |
         Starting Login to default iSCSI targets...
[[    6.621380] [0;32m  OK  [0mcloud-init] [955]: Reached target Sockets.|= . o  . .       |

[    6.630301] cloud-init[955]: | +.  ....        |
[    6.630616] cloud-init[955]: +----[SHA256]-----+
[[0;32m  OK  [0m] Reached target Basic System.
[    6.630799] cloud-init[955]: Generating public/private ecdsa key pair.
[    6.638559] cloud-init[955]: Your identification has been saved in /etc/ssh/ssh_host_ecdsa_key.
[    6.640748] cloud-init[955]: Your public key has been saved in /etc/ssh/ssh_host_ecdsa_key.pub.
[    6.644176]          Starting Virtualbox guest utils...
cloud-init[955]: The key fingerprint is:
[    6.645233]          cloud-initStarting LSB: Record successful boot for GRUB...[955]: 
SHA256:7OFZR1idUaRPgLV9/HCTZ4EdmVbQTmwUSH2K/twlarw root@ubuntu-xenial
[    6.650774] [[0;32m  OK  [0m] Started D-Bus System Message Bus.
cloud-init[955]: The key's randomart image is:
[    6.652546] cloud-init[955]: +---[ECDSA 256]---+
[    6.653832] cloud-init[955]: |            o=X&@|
[    6.654768] cloud-init[955]: |           o.oo%O|
[    6.655651] cloud-init[955]: |          . ..=BX|
[    6.656817] cloud-init[955]: |       .   .. .**|
[    6.664224] cloud-init[955]: |        S ...   o|
[    6.672627] cloud-init[955]: |       o + .. . .|
[    6.673817] cloud-init[955]: |        +  . + o.|
[    6.674853] cloud-init[955]: |            + o .|
         Starting /etc/rc.local Compatibility...
         Starting Login Service...
[    6.675950] cloud-init[955]: |           .E.   |
[[0;32m  OK  [0m] Started Regular background program processing daemon.
         Starting LSB: MD monitoring daemon...
[[0;32m  OK  [0m] Started FUSE filesystem for LXC.
         Starting Accounts Service...
[    6.690929] cloud-init[955]: +----[SHA256]-----+
[    6.704600]          cloud-initStarting Snap Daemon...[955]: 
Generating public/private ed25519 key pair.
[[0;32m  OK  [0m] Started ACPI event daemon.
[    6.706469] cloud-init[955]: Your identification has been saved in /etc/ssh/ssh_host_ed25519_key.
[    6.707956] [cloud-init[0;32m  OK  [0m[955]: ] Your public key has been saved in /etc/ssh/ssh_host_ed25519_key.pub.Started Deferred execution scheduler.

[    6.708332]          Starting Pollinate to seed the pseudo random number generator...
         Starting System Logging Service...
         Starting LXD - container startup/shutdown...
cloud-init[955]: [[0;32m  OK  [0m] Started /etc/rc.local Compatibility.
The key fingerprint is:
[    6.718420] cloud-init[955]: SHA256:EClLab6zBUVW+lvt11KVeKJ8lNnU46eqv6fxJIzHLzo root@ubuntu-xenial
[    6.720133] cloud-init[955]: The key's randomart image is:
[    6.740898] cloud-init[955]: +--[ED25519 256]--+
[    6.742073] cloud-init[955]: |     o+o.      ..|
[    6.743613] cloud-init[955]: |    =.oo      *.o|
[    6.745357] cloud-init[955]: |   + +o      *.+o|
[    6.747161] cloud-init[955]: |    +  o  ..o o.o|
[    6.749106] cloud-init[955]: |     o  S .o.. .o|
[[0;32m  OK  [0m] Started LSB: Record successful boot for GRUB.
[[0;32m  OK  [0m] Started Login Service.
[[0;32m  OK  [0m] Started Unattended Upgrades Shutdown.
[[0;32m  OK  [0m] Started Login to default iSCSI targets.
[[0;32m  OK  [0m] Reached target Remote File Systems (Pre).
[[0;32m  OK  [0m] Reached target Remote File Systems.
         Starting Permit User Sessions...
         Starting LSB: Set the CPU Frequency Scaling governor to "ondemand"...
         Starting LSB: daemon to balance interrupts for SMP systems...
         Starting LSB: automatic crash report generation...
[[0;32m  OK  [0m] Started Permit User Sessions.
         Starting Hold until boot process finishes up...
         Starting Terminate Plymouth Boot Screen...
[[0;32m  OK  [0m] Started Hold until boot process finishes up.
[[0;32m  OK  [0m] Started Getty on tty1.
[[0;32m  OK  [0m] Started Serial Getty on ttyS0.
[[0;32m  OK  [0m] Reached target Login Prompts.
[    6.753762]          Starting Set console scheme...
[[0;32m  OK  [0m] Started System Logging Service.
[[0;32m  OK  [0m] Started LSB: MD monitoring daemon.
[[0;32m  OK  [0m] Started Terminate Plymouth Boot Screen.
cloud-init[955]: |    o .  o =. .o |
[    6.811945] [[0;32m  OK  [0m] Started Set console scheme.
cloud-init[955]: |     +  . . B.+ .|
[    6.825655] cloud-init[955]: |    .     E.oB.. |
[    6.832714] cloud-init[955]: |          o=+=o  |
[[0;32m  OK  [0m] Started LSB: Set the CPU Frequency Scaling governor to "ondemand".
[    6.840760] cloud-init[955]: +----[SHA256]-----+
         Starting Authenticate and Authorize Users to Run Privileged Tasks...
[[0;32m  OK  [0m] Started LSB: automatic crash report generation.
[[0;32m  OK  [0m] Started LSB: daemon to balance interrupts for SMP systems.
[[0;32m  OK  [0m] Started LXD - container startup/shutdown.
[[0;32m  OK  [0m] Started Authenticate and Authorize Users to Run Privileged Tasks.
[[0;32m  OK  [0m] Started Accounts Service.
[[0;32m  OK  [0m] Started Virtualbox guest utils.
[[0;32m  OK  [0m] Started Snap Daemon.
         Starting Wait until snapd is fully seeded...
[[0;32m  OK  [0m] Started Pollinate to seed the pseudo random number generator.
         Starting OpenBSD Secure Shell server...
[[0;32m  OK  [0m] Started OpenBSD Secure Shell server.
[[0;32m  OK  [0m] Started Wait until snapd is fully seeded.
[[0;32m  OK  [0m] Reached target Multi-User System.
[[0;32m  OK  [0m] Reached target Graphical Interface.
         Starting Update UTMP about System Runlevel Changes...
         Starting Apply the settings specified in cloud-config...
[[0;32m  OK  [0m] Started Update UTMP about System Runlevel Changes.
[    8.997904] cloud-init[1306]: Generating locales (this might take a while)...
[    9.725118] cloud-init[1306]:   en_US.UTF-8... done
[    9.736751] cloud-init[1306]: Generation complete.
[   10.045073] cloud-init[1306]: Cloud-init v. 21.1-19-gbad84ad4-0ubuntu1~16.04.2 running 'modules:config' at Mon, 28 Feb 2022 20:37:12 +0000. Up 8.89 seconds.
[[0;32m  OK  [0m] Started Apply the settings specified in cloud-config.
         Starting Execute cloud user/final scripts...
ci-info: no authorized SSH keys fingerprints found for user ubuntu.
<14>Feb 28 20:37:14 ec2: 
<14>Feb 28 20:37:14 ec2: #############################################################
<14>Feb 28 20:37:14 ec2: -----BEGIN SSH HOST KEY FINGERPRINTS-----
<14>Feb 28 20:37:14 ec2: 1024 SHA256:VWAYJb2hhyijOu2SFQDwRECNxwU5Sv8nZOWZv7gKlD4 root@ubuntu-xenial (DSA)
<14>Feb 28 20:37:14 ec2: 256 SHA256:7OFZR1idUaRPgLV9/HCTZ4EdmVbQTmwUSH2K/twlarw root@ubuntu-xenial (ECDSA)
<14>Feb 28 20:37:14 ec2: 256 SHA256:EClLab6zBUVW+lvt11KVeKJ8lNnU46eqv6fxJIzHLzo root@ubuntu-xenial (ED25519)
<14>Feb 28 20:37:14 ec2: 2048 SHA256:2iozNyhRlyoFH7QI4FHvizNS6EkovcAbVvVKg+RdmMg root@ubuntu-xenial (RSA)
<14>Feb 28 20:37:14 ec2: -----END SSH HOST KEY FINGERPRINTS-----
<14>Feb 28 20:37:14 ec2: #############################################################
-----BEGIN SSH HOST KEY KEYS-----
ecdsa-sha2-nistp256 AAAAE2VjZHNhLXNoYTItbmlzdHAyNTYAAAAIbmlzdHAyNTYAAABBBMTOoDPc6oKYzfGAMekZlum3D2j1xjvUxjo5fzghVCHCmCe6J5Sq4otqbGBVu6Zk6fIrvRkERlzFwokoPF4zepE= root@ubuntu-xenial
ssh-ed25519 AAAAC3NzaC1lZDI1NTE5AAAAIPgnHh4+CtcFW29VtMckAvHo1sa0Ad/yaSfV9G+JVFWC root@ubuntu-xenial
ssh-rsa AAAAB3NzaC1yc2EAAAADAQABAAABAQDU4Ri4QZRUoNppAzVk7XFHtG6SGYBhuaTu2P1fb9dg7QjaTQIW3iIPBb8Wa8+2YZ1p95QOIRLWLGok0vp22L1yjS9d5Fbmjd0RuVNi7pA5TDqBXHRtyqMsByVnaGVYKcZHoPtZVJSRoyx82q7spJsueqLvg6fVq5Bj8tJ7lAc2ydk19AVor0S5aREj8t6sCbpo+fRH3tk8q2ACbuWBPb+BFmgPxkiFjVfXkQXrhgcS9Rl+LSzB51qTm5Co2qEHzDJkSgePtQpt4k+RW2yQV7LBQyvjJUapnK9IiAvX8F2QP3SWs29V3v8DDFVDO0OPLQyyrVVWheoMdUBqBH6EmjOT root@ubuntu-xenial
-----END SSH HOST KEY KEYS-----
[   10.508926] cloud-init[1348]: Cloud-init v. 21.1-19-gbad84ad4-0ubuntu1~16.04.2 running 'modules:final' at Mon, 28 Feb 2022 20:37:14 +0000. Up 10.36 seconds.
[   10.516566] cloud-init[1348]: ci-info: no authorized SSH keys fingerprints found for user ubuntu.
[   10.524438] cloud-init[1348]: Cloud-init v. 21.1-19-gbad84ad4-0ubuntu1~16.04.2 finished at Mon, 28 Feb 2022 20:37:14 +0000. Datasource DataSourceNoCloud [seed=/dev/sdb][dsmode=net].  Up 10.50 seconds
[[0;32m  OK  [0m] Started Execute cloud user/final scripts.
[[0;32m  OK  [0m] Reached target Cloud-init target.

Ubuntu 16.04.7 LTS ubuntu-xenial ttyS0

ubuntu-xenial login: 