[    0.000000] Linux version 4.15.0-167-generic (buildd@lcy02-amd64-045) (gcc version 7.5.0 (Ubuntu 7.5.0-3ubuntu1~18.04)) #175-Ubuntu SMP Wed Jan 5 01:56:07 UTC 2022 (Ubuntu 4.15.0-167.175-generic 4.15.18)
[    0.000000] Command line: BOOT_IMAGE=/boot/vmlinuz-4.15.0-167-generic root=UUID=f3f5e288-43e3-4799-851d-c2d1f4b7ec64 ro console=tty1 console=ttyS0
[    0.000000] KERNEL supported cpus:
[    0.000000]   Intel GenuineIntel
[    0.000000]   AMD AuthenticAMD
[    0.000000]   Centaur CentaurHauls
[    0.000000] x86/fpu: Supporting XSAVE feature 0x001: 'x87 floating point registers'
[    0.000000] x86/fpu: Supporting XSAVE feature 0x002: 'SSE registers'
[    0.000000] x86/fpu: Supporting XSAVE feature 0x004: 'AVX registers'
[    0.000000] x86/fpu: xstate_offset[2]:  576, xstate_sizes[2]:  256
[    0.000000] x86/fpu: Enabled xstate features 0x7, context size is 832 bytes, using 'standard' format.
[    0.000000] e820: BIOS-provided physical RAM map:
[    0.000000] BIOS-e820: [mem 0x0000000000000000-0x000000000009fbff] usable
[    0.000000] BIOS-e820: [mem 0x000000000009fc00-0x000000000009ffff] reserved
[    0.000000] BIOS-e820: [mem 0x00000000000f0000-0x00000000000fffff] reserved
[    0.000000] BIOS-e820: [mem 0x0000000000100000-0x000000003ffeffff] usable
[    0.000000] BIOS-e820: [mem 0x000000003fff0000-0x000000003fffffff] ACPI data
[    0.000000] BIOS-e820: [mem 0x00000000fec00000-0x00000000fec00fff] reserved
[    0.000000] BIOS-e820: [mem 0x00000000fee00000-0x00000000fee00fff] reserved
[    0.000000] BIOS-e820: [mem 0x00000000fffc0000-0x00000000ffffffff] reserved
[    0.000000] NX (Execute Disable) protection: active
[    0.000000] SMBIOS 2.5 present.
[    0.000000] DMI: innotek GmbH VirtualBox/VirtualBox, BIOS VirtualBox 12/01/2006
[    0.000000] Hypervisor detected: KVM
[    0.000000] e820: last_pfn = 0x3fff0 max_arch_pfn = 0x400000000
[    0.000000] MTRR: Disabled
[    0.000000] x86/PAT: MTRRs disabled, skipping PAT initialization too.
[    0.000000] CPU MTRRs all blank - virtualized system.
[    0.000000] x86/PAT: Configuration [0-7]: WB  WT  UC- UC  WB  WT  UC- UC  
[    0.000000] found SMP MP-table at [mem 0x0009fff0-0x0009ffff]
[    0.000000] Scanning 1 areas for low memory corruption
[    0.000000] RAMDISK: [mem 0x3581b000-0x36c04fff]
[    0.000000] ACPI: Early table checksum verification disabled
[    0.000000] ACPI: RSDP 0x00000000000E0000 000024 (v02 VBOX  )
[    0.000000] ACPI: XSDT 0x000000003FFF0030 00003C (v01 VBOX   VBOXXSDT 00000001 ASL  00000061)
[    0.000000] ACPI: FACP 0x000000003FFF00F0 0000F4 (v04 VBOX   VBOXFACP 00000001 ASL  00000061)
[    0.000000] ACPI: DSDT 0x000000003FFF0470 002325 (v02 VBOX   VBOXBIOS 00000002 INTL 20120111)
[    0.000000] ACPI: FACS 0x000000003FFF0200 000040
[    0.000000] ACPI: FACS 0x000000003FFF0200 000040
[    0.000000] ACPI: APIC 0x000000003FFF0240 00005C (v02 VBOX   VBOXAPIC 00000001 ASL  00000061)
[    0.000000] ACPI: SSDT 0x000000003FFF02A0 0001CC (v01 VBOX   VBOXCPUT 00000002 INTL 20120111)
[    0.000000] ACPI: Reserving FACP table memory at [mem 0x3fff00f0-0x3fff01e3]
[    0.000000] ACPI: Reserving DSDT table memory at [mem 0x3fff0470-0x3fff2794]
[    0.000000] ACPI: Reserving FACS table memory at [mem 0x3fff0200-0x3fff023f]
[    0.000000] ACPI: Reserving FACS table memory at [mem 0x3fff0200-0x3fff023f]
[    0.000000] ACPI: Reserving APIC table memory at [mem 0x3fff0240-0x3fff029b]
[    0.000000] ACPI: Reserving SSDT table memory at [mem 0x3fff02a0-0x3fff046b]
[    0.000000] No NUMA configuration found
[    0.000000] Faking a node at [mem 0x0000000000000000-0x000000003ffeffff]
[    0.000000] NODE_DATA(0) allocated [mem 0x3ffc5000-0x3ffeffff]
[    0.000000] kvm-clock: cpu 0, msr 0:3ff44001, primary cpu clock
[    0.000000] kvm-clock: Using msrs 4b564d01 and 4b564d00
[    0.000000] kvm-clock: using sched offset of 4227797928 cycles
[    0.000000] clocksource: kvm-clock: mask: 0xffffffffffffffff max_cycles: 0x1cd42e4dffb, max_idle_ns: 881590591483 ns
[    0.000000] Zone ranges:
[    0.000000]   DMA      [mem 0x0000000000001000-0x0000000000ffffff]
[    0.000000]   DMA32    [mem 0x0000000001000000-0x000000003ffeffff]
[    0.000000]   Normal   empty
[    0.000000]   Device   empty
[    0.000000] Movable zone start for each node
[    0.000000] Early memory node ranges
[    0.000000]   node   0: [mem 0x0000000000001000-0x000000000009efff]
[    0.000000]   node   0: [mem 0x0000000000100000-0x000000003ffeffff]
[    0.000000] Reserved but unavailable: 104 pages
[    0.000000] Initmem setup node 0 [mem 0x0000000000001000-0x000000003ffeffff]
[    0.000000] ACPI: PM-Timer IO Port: 0x4008
[    0.000000] IOAPIC[0]: apic_id 2, version 32, address 0xfec00000, GSI 0-23
[    0.000000] ACPI: INT_SRC_OVR (bus 0 bus_irq 0 global_irq 2 dfl dfl)
[    0.000000] ACPI: INT_SRC_OVR (bus 0 bus_irq 9 global_irq 9 low level)
[    0.000000] Using ACPI (MADT) for SMP configuration information
[    0.000000] smpboot: Allowing 2 CPUs, 0 hotplug CPUs
[    0.000000] PM: Registered nosave memory: [mem 0x00000000-0x00000fff]
[    0.000000] PM: Registered nosave memory: [mem 0x0009f000-0x0009ffff]
[    0.000000] PM: Registered nosave memory: [mem 0x000a0000-0x000effff]
[    0.000000] PM: Registered nosave memory: [mem 0x000f0000-0x000fffff]
[    0.000000] e820: [mem 0x40000000-0xfebfffff] available for PCI devices
[    0.000000] Booting paravirtualized kernel on KVM
[    0.000000] clocksource: refined-jiffies: mask: 0xffffffff max_cycles: 0xffffffff, max_idle_ns: 7645519600211568 ns
[    0.000000] random: get_random_bytes called from start_kernel+0x99/0x500 with crng_init=0
[    0.000000] setup_percpu: NR_CPUS:8192 nr_cpumask_bits:2 nr_cpu_ids:2 nr_node_ids:1
[    0.000000] percpu: Embedded 50 pages/cpu s167936 r8192 d28672 u1048576
[    0.000000] PV qspinlock hash table entries: 256 (order: 0, 4096 bytes)
[    0.000000] Built 1 zonelists, mobility grouping on.  Total pages: 257913
[    0.000000] Policy zone: DMA32
[    0.000000] Kernel command line: BOOT_IMAGE=/boot/vmlinuz-4.15.0-167-generic root=UUID=f3f5e288-43e3-4799-851d-c2d1f4b7ec64 ro console=tty1 console=ttyS0
[    0.000000] Memory: 981776K/1048120K available (12300K kernel code, 2483K rwdata, 4324K rodata, 2476K init, 2724K bss, 66344K reserved, 0K cma-reserved)
[    0.000000] SLUB: HWalign=64, Order=0-3, MinObjects=0, CPUs=2, Nodes=1
[    0.000000] Kernel/User page tables isolation: enabled
[    0.000000] ftrace: allocating 39494 entries in 155 pages
[    0.004000] Hierarchical RCU implementation.
[    0.004000] 	RCU restricting CPUs from NR_CPUS=8192 to nr_cpu_ids=2.
[    0.004000] 	Tasks RCU enabled.
[    0.004000] RCU: Adjusting geometry for rcu_fanout_leaf=16, nr_cpu_ids=2
[    0.004000] NR_IRQS: 524544, nr_irqs: 440, preallocated irqs: 16
[    0.004000] Console: colour VGA+ 80x25
[    0.004000] console [tty1] enabled
[    0.004000] console [ttyS0] enabled
[    0.004000] ACPI: Core revision 20170831
[    0.004000] ACPI: 2 ACPI AML tables successfully acquired and loaded
[    0.004000] APIC: Switch to symmetric I/O mode setup
[    0.004000] x2apic enabled
[    0.004000] Switched APIC routing to physical x2apic.
[    0.005014] ..TIMER: vector=0x30 apic1=0 pin1=2 apic2=-1 pin2=-1
[    0.008006] tsc: Detected 2208.000 MHz processor
[    0.009259] Calibrating delay loop (skipped) preset value.. 4416.00 BogoMIPS (lpj=8832000)
[    0.009899] pid_max: default: 32768 minimum: 301
[    0.012037] Security Framework initialized
[    0.012950] Yama: becoming mindful.
[    0.013747] AppArmor: AppArmor initialized
[    0.016010] Dentry cache hash table entries: 131072 (order: 8, 1048576 bytes)
[    0.017674] Inode-cache hash table entries: 65536 (order: 7, 524288 bytes)
[    0.020027] Mount-cache hash table entries: 2048 (order: 2, 16384 bytes)
[    0.022077] Mountpoint-cache hash table entries: 2048 (order: 2, 16384 bytes)
[    0.024372] Last level iTLB entries: 4KB 64, 2MB 8, 4MB 8
[    0.025559] Last level dTLB entries: 4KB 64, 2MB 0, 4MB 0, 1GB 4
[    0.026776] Spectre V1 : Mitigation: usercopy/swapgs barriers and __user pointer sanitization
[    0.028003] Spectre V2 : Mitigation: Full generic retpoline
[    0.029134] Spectre V2 : Spectre v2 / SpectreRSB mitigation: Filling RSB on context switch
[    0.030757] Speculative Store Bypass: Vulnerable
[    0.032036] SRBDS: Unknown: Dependent on hypervisor status
[    0.033055] MDS: Mitigation: Clear CPU buffers
[    0.034031] Freeing SMP alternatives memory: 36K
[    0.144630] smpboot: CPU0: Intel(R) Core(TM) i7-8750H CPU @ 2.20GHz (family: 0x6, model: 0x9e, stepping: 0xa)
[    0.146957] Performance Events: unsupported p6 CPU model 158 no PMU driver, software events only.
[    0.148000] Hierarchical SRCU implementation.
[    0.148581] NMI watchdog: Perf event create on CPU 0 failed with -2
[    0.149713] NMI watchdog: Perf NMI watchdog permanently disabled
[    0.150970] smp: Bringing up secondary CPUs ...
[    0.152092] x86: Booting SMP configuration:
[    0.153243] .... node  #0, CPUs:      #1
[    0.004000] kvm-clock: cpu 1, msr 0:3ff44041, secondary cpu clock
[    0.158369] smp: Brought up 1 node, 2 CPUs
[    0.158369] smpboot: Max logical packages: 1
[    0.160008] smpboot: Total of 2 processors activated (8832.00 BogoMIPS)
[    0.161375] devtmpfs: initialized
[    0.161375] x86/mm: Memory block size: 128MB
[    0.161601] evm: security.selinux
[    0.164003] evm: security.SMACK64
[    0.164652] evm: security.SMACK64EXEC
[    0.165354] evm: security.SMACK64TRANSMUTE
[    0.166129] evm: security.SMACK64MMAP
[    0.166970] evm: security.apparmor
[    0.167755] evm: security.ima
[    0.168007] evm: security.capability
[    0.168871] clocksource: jiffies: mask: 0xffffffff max_cycles: 0xffffffff, max_idle_ns: 7645041785100000 ns
[    0.169856] futex hash table entries: 512 (order: 3, 32768 bytes)
[    0.172052] pinctrl core: initialized pinctrl subsystem
[    0.174864] RTC time: 22:43:41, date: 02/08/22
[    0.176119] NET: Registered protocol family 16
[    0.177012] audit: initializing netlink subsys (disabled)
[    0.178122] audit: type=2000 audit(1644360226.964:1): state=initialized audit_enabled=0 res=1
[    0.180008] cpuidle: using governor ladder
[    0.180859] cpuidle: using governor menu
[    0.181713] ACPI: bus type PCI registered
[    0.182528] acpiphp: ACPI Hot Plug PCI Controller Driver version: 0.5
[    0.184154] PCI: Using configuration type 1 for base access
[    0.185266] HugeTLB registered 2.00 MiB page size, pre-allocated 0 pages
[    0.188052] ACPI: Added _OSI(Module Device)
[    0.188843] ACPI: Added _OSI(Processor Device)
[    0.189778] ACPI: Added _OSI(3.0 _SCP Extensions)
[    0.190690] ACPI: Added _OSI(Processor Aggregator Device)
[    0.191822] ACPI: Added _OSI(Linux-Dell-Video)
[    0.192004] ACPI: Added _OSI(Linux-Lenovo-NV-HDMI-Audio)
[    0.192982] ACPI: Added _OSI(Linux-HPI-Hybrid-Graphics)
[    0.194298] ACPI: Executed 1 blocks of module-level executable AML code
[    0.198471] ACPI: Interpreter enabled
[    0.199634] ACPI: (supports S0 S5)
[    0.200002] ACPI: Using IOAPIC for interrupt routing
[    0.201342] PCI: Using host bridge windows from ACPI; if necessary, use "pci=nocrs" and report a bug
[    0.204196] ACPI: Enabled 2 GPEs in block 00 to 07
[    0.211745] ACPI: PCI Root Bridge [PCI0] (domain 0000 [bus 00-ff])
[    0.212009] acpi PNP0A03:00: _OSC: OS supports [ASPM ClockPM Segments MSI]
[    0.213628] acpi PNP0A03:00: _OSC: not requesting OS control; OS requires [ExtendedConfig ASPM ClockPM MSI]
[    0.216017] acpi PNP0A03:00: fail to add MMCONFIG information, can't access extended PCI configuration space under this bridge.
[    0.220231] PCI host bridge to bus 0000:00
[    0.221082] pci_bus 0000:00: root bus resource [io  0x0000-0x0cf7 window]
[    0.222452] pci_bus 0000:00: root bus resource [io  0x0d00-0xffff window]
[    0.224000] pci_bus 0000:00: root bus resource [mem 0x000a0000-0x000bffff window]
[    0.224003] pci_bus 0000:00: root bus resource [mem 0x40000000-0xfdffffff window]
[    0.228002] pci_bus 0000:00: root bus resource [bus 00-ff]
[    0.231551] pci 0000:00:01.1: legacy IDE quirk: reg 0x10: [io  0x01f0-0x01f7]
[    0.232002] pci 0000:00:01.1: legacy IDE quirk: reg 0x14: [io  0x03f6]
[    0.233592] pci 0000:00:01.1: legacy IDE quirk: reg 0x18: [io  0x0170-0x0177]
[    0.236005] pci 0000:00:01.1: legacy IDE quirk: reg 0x1c: [io  0x0376]
[    0.249587] pci 0000:00:07.0: quirk: [io  0x4000-0x403f] claimed by PIIX4 ACPI
[    0.251724] pci 0000:00:07.0: quirk: [io  0x4100-0x410f] claimed by PIIX4 SMB
[    0.258157] ACPI: PCI Interrupt Link [LNKA] (IRQs 5 9 10 *11)
[    0.260052] ACPI: PCI Interrupt Link [LNKB] (IRQs 5 9 *10 11)
[    0.261671] ACPI: PCI Interrupt Link [LNKC] (IRQs 5 *9 10 11)
[    0.262849] ACPI: PCI Interrupt Link [LNKD] (IRQs 5 9 10 *11)
[    0.264193] SCSI subsystem initialized
[    0.264951] pci 0000:00:02.0: vgaarb: setting as boot VGA device
[    0.265126] pci 0000:00:02.0: vgaarb: VGA device added: decodes=io+mem,owns=io+mem,locks=none
[    0.266792] pci 0000:00:02.0: vgaarb: bridge control possible
[    0.268012] vgaarb: loaded
[    0.268727] ACPI: bus type USB registered
[    0.269524] usbcore: registered new interface driver usbfs
[    0.270532] usbcore: registered new interface driver hub
[    0.272009] usbcore: registered new device driver usb
[    0.273018] EDAC MC: Ver: 3.0.0
[    0.273018] PCI: Using ACPI for IRQ routing
[    0.276117] NetLabel: Initializing
[    0.276784] NetLabel:  domain hash size = 128
[    0.277594] NetLabel:  protocols = UNLABELED CIPSOv4 CALIPSO
[    0.278682] NetLabel:  unlabeled traffic allowed by default
[    0.279772] clocksource: Switched to clocksource kvm-clock
[    0.288531] VFS: Disk quotas dquot_6.6.0
[    0.289975] VFS: Dquot-cache hash table entries: 512 (order 0, 4096 bytes)
[    0.291775] AppArmor: AppArmor Filesystem Enabled
[    0.292817] pnp: PnP ACPI init
[    0.295024] pnp: PnP ACPI: found 3 devices
[    0.303948] clocksource: acpi_pm: mask: 0xffffff max_cycles: 0xffffff, max_idle_ns: 2085701024 ns
[    0.306227] NET: Registered protocol family 2
[    0.307116] IP idents hash table entries: 16384 (order: 5, 131072 bytes)
[    0.309909] TCP established hash table entries: 8192 (order: 4, 65536 bytes)
[    0.311384] TCP bind hash table entries: 8192 (order: 5, 131072 bytes)
[    0.312694] TCP: Hash tables configured (established 8192 bind 8192)
[    0.314214] UDP hash table entries: 512 (order: 2, 16384 bytes)
[    0.315977] UDP-Lite hash table entries: 512 (order: 2, 16384 bytes)
[    0.317364] NET: Registered protocol family 1
[    0.318399] pci 0000:00:00.0: Limiting direct PCI/PCI transfers
[    0.319698] pci 0000:00:01.0: Activating ISA DMA hang workarounds
[    0.321031] pci 0000:00:02.0: Video device with shadowed ROM at [mem 0x000c0000-0x000dffff]
[    0.322809] Unpacking initramfs...
[    0.606516] Freeing initrd memory: 20392K
[    0.608034] clocksource: tsc: mask: 0xffffffffffffffff max_cycles: 0x1fd3b81b95f, max_idle_ns: 440795257325 ns
[    0.611000] platform rtc_cmos: registered platform RTC device (no PNP device found)
[    0.613091] Scanning for low memory corruption every 60 seconds
[    0.615077] Initialise system trusted keyrings
[    0.616381] Key type blacklist registered
[    0.617277] workingset: timestamp_bits=36 max_order=18 bucket_order=0
[    0.619792] zbud: loaded
[    0.620923] squashfs: version 4.0 (2009/01/31) Phillip Lougher
[    0.622865] fuse init (API version 7.26)
[    0.625022] Key type asymmetric registered
[    0.625819] Asymmetric key parser 'x509' registered
[    0.626766] Block layer SCSI generic (bsg) driver version 0.4 loaded (major 246)
[    0.628375] io scheduler noop registered
[    0.629144] io scheduler deadline registered
[    0.630069] io scheduler cfq registered (default)
[    0.631726] ACPI: AC Adapter [AC] (on-line)
[    0.632899] input: Power Button as /devices/LNXSYSTM:00/LNXPWRBN:00/input/input0
[    0.634304] ACPI: Power Button [PWRF]
[    0.635069] input: Sleep Button as /devices/LNXSYSTM:00/LNXSLPBN:00/input/input1
[    0.636484] ACPI: Sleep Button [SLPF]
[    0.638428] ACPI: Battery Slot [BAT0] (battery present)
[    0.639540] Serial: 8250/16550 driver, 32 ports, IRQ sharing enabled
[    0.661937] 00:02: ttyS0 at I/O 0x3f8 (irq = 4, base_baud = 115200) is a 16550A
[    0.666030] Linux agpgart interface v0.103
[    0.668006] loop: module loaded
[    0.669145] scsi host0: ata_piix
[    0.670170] scsi host1: ata_piix
[    0.670821] ata1: PATA max UDMA/33 cmd 0x1f0 ctl 0x3f6 bmdma 0xd000 irq 14
[    0.672056] ata2: PATA max UDMA/33 cmd 0x170 ctl 0x376 bmdma 0xd008 irq 15
[    0.673473] libphy: Fixed MDIO Bus: probed
[    0.674313] tun: Universal TUN/TAP device driver, 1.6
[    0.675340] PPP generic driver version 2.4.2
[    0.676312] ehci_hcd: USB 2.0 'Enhanced' Host Controller (EHCI) Driver
[    0.677541] ehci-pci: EHCI PCI platform driver
[    0.678821] ehci-platform: EHCI generic platform driver
[    0.679965] ohci_hcd: USB 1.1 'Open' Host Controller (OHCI) Driver
[    0.681533] ohci-pci: OHCI PCI platform driver
[    0.682536] ohci-platform: OHCI generic platform driver
[    0.683657] uhci_hcd: USB Universal Host Controller Interface driver
[    0.685136] i8042: PNP: PS/2 Controller [PNP0303:PS2K,PNP0f03:PS2M] at 0x60,0x64 irq 1,12
[    0.687029] serio: i8042 KBD port at 0x60,0x64 irq 1
[    0.687967] serio: i8042 AUX port at 0x60,0x64 irq 12
[    0.689314] mousedev: PS/2 mouse device common for all mice
[    0.690808] input: AT Translated Set 2 keyboard as /devices/platform/i8042/serio0/input/input2
[    0.692609] rtc_cmos rtc_cmos: rtc core: registered rtc_cmos as rtc0
[    0.693877] rtc_cmos rtc_cmos: alarms up to one day, 114 bytes nvram
[    0.695034] i2c /dev entries driver
[    0.695740] device-mapper: uevent: version 1.0.3
[    0.696735] device-mapper: ioctl: 4.37.0-ioctl (2017-09-20) initialised: dm-devel@redhat.com
[    0.698579] ledtrig-cpu: registered to indicate activity on CPUs
[    0.700795] NET: Registered protocol family 10
[    0.704840] Segment Routing with IPv6
[    0.705984] NET: Registered protocol family 17
[    0.707062] Key type dns_resolver registered
[    0.708283] mce: Using 0 MCE banks
[    0.708962] RAS: Correctable Errors collector initialized.
[    0.710115] sched_clock: Marking stable (708262430, 0)->(879979861, -171717431)
[    0.711935] registered taskstats version 1
[    0.713244] Loading compiled-in X.509 certificates
[    0.716177] Loaded X.509 cert 'Build time autogenerated kernel key: 51c91b167e8daada285dd448a981da05683ebd03'
[    0.718548] Loaded X.509 cert 'Canonical Ltd. Live Patch Signing: 14df34d1a87cf37625abec039ef2bf521249b969'
[    0.721161] Loaded X.509 cert 'Canonical Ltd. Kernel Module Signing: 88f752e560a1e0737e31163a466ad7b70a850c19'
[    0.722977] blacklist: Loading compiled-in revocation X.509 certificates
[    0.724198] Loaded X.509 cert 'Canonical Ltd. Secure Boot Signing: 61482aa2830d0ab2ad5af10b7250da9033ddcef0'
[    0.726034] zswap: loaded using pool lzo/zbud
[    0.729378] Key type big_key registered
[    0.730206] Key type trusted registered
[    0.732600] Key type encrypted registered
[    0.733415] AppArmor: AppArmor sha1 policy hashing enabled
[    0.734600] ima: No TPM chip found, activating TPM-bypass! (rc=-19)
[    0.736448] ima: Allocated hash algorithm: sha1
[    0.737353] evm: HMAC attrs: 0x1
[    0.738195]   Magic number: 10:594:754
[    0.738919] tty ttyS5: hash matches
[    0.739862] rtc_cmos rtc_cmos: setting system clock to 2022-02-08 22:43:42 UTC (1644360222)
[    0.741569] BIOS EDD facility v0.16 2004-Jun-25, 0 devices found
[    0.742684] EDD information not available.
[    0.858236] Freeing unused kernel image memory: 2476K
[    1.491252] Write protecting the kernel read-only data: 20480k
[    1.493766] Freeing unused kernel image memory: 2008K
[    1.495277] Freeing unused kernel image memory: 1820K
[    1.503437] x86/mm: Checked W+X mappings: passed, no W+X pages found.
[    1.505543] x86/mm: Checking user space page tables
[    1.513630] x86/mm: Checked W+X mappings: passed, no W+X pages found.
Loading, please wait...
starting version 237
[    1.573415] e1000: Intel(R) PRO/1000 Network Driver - version 7.3.21-k8-NAPI
[    1.575575] e1000: Copyright (c) 1999-2006 Intel Corporation.
[    1.578440] Fusion MPT base driver 3.04.20
[    1.579468] Copyright (c) 1999-2008 LSI Corporation
[    1.584239] Fusion MPT SPI Host driver 3.04.20
[    1.598270] AVX2 version of gcm_enc/dec engaged.
[    1.599938] AES CTR mode by8 optimization enabled
[    1.799259] input: ImExPS/2 Generic Explorer Mouse as /devices/platform/i8042/serio1/input/input4
[    2.240036] e1000 0000:00:03.0 eth0: (PCI:33MHz:32-bit) 02:8d:1f:db:13:bf
[    2.241990] e1000 0000:00:03.0 eth0: Intel(R) PRO/1000 Network Connection
[    2.245460] e1000 0000:00:03.0 enp0s3: renamed from eth0
[    2.247139] mptbase: ioc0: Initiating bringup
[    3.613668] ioc0: LSI53C1030 A0: Capabilities={Initiator}
[    6.613471] scsi host2: ioc0: LSI53C1030 A0, FwRev=00000000h, Ports=1, MaxQ=256, IRQ=20
[    8.643442] scsi 2:0:0:0: Direct-Access     VBOX     HARDDISK         1.0  PQ: 0 ANSI: 5
[    8.680151] scsi target2:0:0: Beginning Domain Validation
[    8.683259] scsi target2:0:0: Domain Validation skipping write tests
[    8.685031] scsi target2:0:0: Ending Domain Validation
[    8.686438] scsi target2:0:0: asynchronous
[    8.688099] scsi 2:0:1:0: Direct-Access     VBOX     HARDDISK         1.0  PQ: 0 ANSI: 5
[    9.646360] scsi target2:0:1: Beginning Domain Validation
[    9.650104] random: fast init done
[    9.651462] scsi target2:0:1: Domain Validation skipping write tests
[    9.653173] scsi target2:0:1: Ending Domain Validation
[    9.654593] scsi target2:0:1: asynchronous
[    9.659753] random: systemd-udevd: uninitialized urandom read (16 bytes read)
[    9.661530] random: systemd-udevd: uninitialized urandom read (16 bytes read)
[    9.663202] random: systemd-udevd: uninitialized urandom read (16 bytes read)
[    9.664139] sd 2:0:0:0: Attached scsi generic sg0 type 0
[    9.666635] sd 2:0:0:0: [sda] 83886080 512-byte logical blocks: (42.9 GB/40.0 GiB)
[    9.666691] sd 2:0:1:0: Attached scsi generic sg1 type 0
[    9.669886] sd 2:0:0:0: [sda] Write Protect is off
[    9.671310] sd 2:0:1:0: [sdb] 20480 512-byte logical blocks: (10.5 MB/10.0 MiB)
[    9.673034] sd 2:0:0:0: [sda] Incomplete mode parameter data
[    9.674298] sd 2:0:0:0: [sda] Assuming drive cache: write through
[    9.675568] sd 2:0:1:0: [sdb] Write Protect is off
[    9.677073] sd 2:0:1:0: [sdb] Incomplete mode parameter data
[    9.677372]  sda: sda1
[    9.678710] sd 2:0:1:0: [sdb] Assuming drive cache: write through
[    9.680305] sd 2:0:0:0: [sda] Attached SCSI disk
[    9.684925] sd 2:0:1:0: [sdb] Attached SCSI disk
Begin: Loading essential drivers ... [   11.888077] raid6: sse2x1   gen() 13145 MB/s
[   11.936120] raid6: sse2x1   xor()  9007 MB/s
[   11.984254] raid6: sse2x2   gen()  8074 MB/s
[   12.032458] raid6: sse2x2   xor()  3569 MB/s
[   12.084080] raid6: sse2x4   gen()  4205 MB/s
[   12.136092] raid6: sse2x4   xor()  4376 MB/s
[   12.184082] raid6: avx2x1   gen() 20680 MB/s
[   12.232076] raid6: avx2x1   xor() 15923 MB/s
[   12.280609] raid6: avx2x2   gen() 24412 MB/s
[   12.328110] raid6: avx2x2   xor() 16356 MB/s
[   12.376103] raid6: avx2x4   gen() 28887 MB/s
[   12.424112] raid6: avx2x4   xor() 11715 MB/s
[   12.425217] raid6: using algorithm avx2x4 gen() 28887 MB/s
[   12.426238] raid6: .... xor() 11715 MB/s, rmw enabled
[   12.427402] raid6: using avx2x2 recovery algorithm
[   12.429636] xor: automatically using best checksumming function   avx       
[   12.431880] async_tx: api initialized (async)
done.
Begin: Running /scripts/init-premount ... done.
Begin: Mounting root file system ... Begin: Running /scripts/local-top ... done.
Begin: Running /scripts/local-premount ... [   12.481375] Btrfs loaded, crc32c=crc32c-intel
Scanning for Btrfs filesystems
done.
Begin: Will now check root file system ... fsck from util-linux 2.31.1
[/sbin/fsck.ext4 (1) -- /dev/sda1] fsck.ext4 -a -C0 /dev/sda1 
cloudimg-rootfs: recovering journal
cloudimg-rootfs:[   12.618819] EXT4-fs (sda1): mounted filesystem with ordered data mode. Opts: (null)
 clean, 130299/5120000 files, 907344/10485499 blocks
done.
done.
Begin: Running /scripts/local-bottom ... done.
Begin: Running /scripts/init-bottom ... done.
[   12.834807] ip_tables: (C) 2000-2006 Netfilter Core Team
[   12.844522] systemd[1]: systemd 237 running in system mode. (+PAM +AUDIT +SELINUX +IMA +APPARMOR +SMACK +SYSVINIT +UTMP +LIBCRYPTSETUP +GCRYPT +GNUTLS +ACL +XZ +LZ4 +SECCOMP +BLKID +ELFUTILS +KMOD -IDN2 +IDN -PCRE2 default-hierarchy=hybrid)
[   12.848343] systemd[1]: Detected virtualization oracle.
[   12.849377] systemd[1]: Detected architecture x86-64.

Welcome to [1mUbuntu 18.04.6 LTS[0m!

[   12.855590] systemd[1]: Set hostname to <ubuntu-bionic>.
[   13.092861] systemd[1]: Reached target User and Group Name Lookups.
[[0;32m  OK  [0m] Reached target User and Group Name Lookups.
[   13.095107] systemd[1]: Started Forward Password Requests to Wall Directory Watch.
[[0;32m  OK  [0m] Started Forward Password Requests to Wall Directory Watch.
[   13.228747] systemd[1]: Created slice System Slice.
[[0;32m  OK  [0m] Created slice System Slice.
[   13.240757] systemd[1]: Listening on /dev/initctl Compatibility Named Pipe.
[[0;32m  OK  [0m] Listening on /dev/initctl Compatibility Named Pipe.
[   13.244349] systemd[1]: Created slice system-postgresql.slice.
[[0;32m  OK  [0m] Created slice system-postgresql.slice.
[   13.246611] systemd[1]: Created slice system-serial\x2dgetty.slice.
[[0;32m  OK  [0m] Created slice system-serial\x2dgetty.slice.
[[0;32m  OK  [0m] Listening on LVM2 poll daemon socket.
[[0;32m  OK  [0m] Listening on Network Service Netlink Socket.
[[0;32m  OK  [0m] Listening on LVM2 metadata daemon socket.
[[0;32m  OK  [0m] Listening on udev Control Socket.
[[0;32m  OK  [0m] Created slice User and Session Slice.
[[0;32m  OK  [0m] Reached target Slices.
[[0;32m  OK  [0m] Listening on udev Kernel Socket.
[[0;32m  OK  [0m] Listening on Journal Socket (/dev/log).
[[0;32m  OK  [0m] Listening on fsck to fsckd communication Socket.
[[0;32m  OK  [0m] Listening on Journal Socket.
         Starting Create list of required st…ce nodes for the current kernel...
         Starting Load Kernel Modules...
         Starting udev Coldplug all Devices...
         Starting Uncomplicated firewall...
[   13.370659] Loading iSCSI transport class v2.0-870.
[[0;32m  OK  [0m] Listening on Device-mapper event daemon FIFOs.
[   13.380548] iscsi: registered transport (tcp)
[[0;32m  OK  [0m] Reached target System Time Synchronized.
[   13.398957] iscsi: registered transport (iser)
         Mounting Kernel Debug File System...
         Starting Remount Root and Kernel File Systems...
         Mounting Huge Pages File System...
[   13.418267] EXT4-fs (sda1): re-mounted. Opts: (null)
         Mounting POSIX Message Queue File System...
[[0;32m  OK  [0m] Listening on Journal Audit Socket.
[[0;32m  OK  [0m] Reached target Swap.
         Starting Set the console keyboard layout...
[[0;32m  OK  [0m] Listening on Syslog Socket.
         Starting Journal Service...
[[0;32m  OK  [0m] Set up automount Arbitrary Executab…rmats File System Automount Point.
         Starting Monitoring of LVM2 mirrors…ng dmeventd or progress polling...
[[0;32m  OK  [0m] Started Create list of required sta…vice nodes for the current kernel.
[[0;32m  OK  [0m] Started Load Kernel Modules.
[[0;32m  OK  [0m] Started Uncomplicated firewall.
[[0;32m  OK  [0m] Mounted Kernel Debug File System.
[[0;32m  OK  [0m] Started Remount Root and Kernel File Systems.
[[0;32m  OK  [0m] Mounted Huge Pages File System.
[[0;32m  OK  [0m] Mounted POSIX Message Queue File System.
         Starting Load/Save Random Seed...
         Starting Apply Kernel Variables...
         Mounting Kernel Configuration File System...
         Mounting FUSE Control File System...
         Starting Create Static Device Nodes in /dev...
[[0;32m  OK  [0m] Started Journal Service.
[[0;32m  OK  [0m] Started udev Coldplug all Devices.
[[0;32m  OK  [0m] Started Load/Save Random Seed.
[[0;32m  OK  [0m] Mounted Kernel Configuration File System.
[[0;32m  OK  [0m] Mounted FUSE Control File System.
[[0;32m  OK  [0m] Started LVM2 metadata daemon.
         Starting Flush Journal to Persistent Storage...
[[0;32m  OK  [0m] Started Apply Kernel Variables.
[[0;32m  OK  [0m] Started Create Static Device Nodes in /dev.
         Starting udev Kernel Device Manager...
[[0;32m  OK  [0m] Started Set the console keyboard layout.
[[0;32m  OK  [0m] Started udev Kernel Device Manager.
[[0;32m  OK  [0m] Started Dispatch Password Requests to Console Directory Watch.
[[0;32m  OK  [0m] Reached target Local Encrypted Volumes.
[[0;32m  OK  [0m] Started Monitoring of LVM2 mirrors,…sing dmeventd or progress polling.
[[0;32m  OK  [0m] Reached target Local File Systems (Pre).
[[0;32m  OK  [0m] Reached target Local File Systems.
         Starting Tell Plymouth To Write Out Runtime Data...
         Starting ebtables ruleset management...
         Starting AppArmor initialization...
         Starting Set console font and keymap...
[[0;32m  OK  [0m] Started Tell Plymouth To Write Out Runtime Data.
[[0;32m  OK  [0m] Started Set console font and keymap.
[[0;32m  OK  [0m] Started ebtables ruleset management.
[[0;32m  OK  [0m] Started Flush Journal to Persistent Storage.
         Starting Create Volatile Files and Directories...
[[0;32m  OK  [0m] Started Create Volatile Files and Directories.
         Starting Update UTMP about System Boot/Shutdown...
[[0;32m  OK  [0m] Started Update UTMP about System Boot/Shutdown.
[[0;32m  OK  [0m] Found device /dev/ttyS0.
[[0;32m  OK  [0m] Listening on Load/Save RF Kill Switch Status /dev/rfkill Watch.
[[0;32m  OK  [0m] Started AppArmor initialization.
         Starting Load AppArmor profiles managed internally by snapd...
         Starting Initial cloud-init job (pre-networking)...
[[0;32m  OK  [0m] Started Load AppArmor profiles managed internally by snapd.
[   15.123275] cloud-init[581]: Cloud-init v. 21.4-0ubuntu1~18.04.1 running 'init-local' at Tue, 08 Feb 2022 22:43:56 +0000. Up 14.95 seconds.
[[0;32m  OK  [0m] Started Initial cloud-init job (pre-networking).
[[0;32m  OK  [0m] Reached target Network (Pre).
         Starting Network Service...
[[0;32m  OK  [0m] Started Network Service.
         Starting Network Name Resolution...
         Starting Wait for Network to be Configured...
[[0;32m  OK  [0m] Started Network Name Resolution.
[[0;32m  OK  [0m] Reached target Network.
[[0;32m  OK  [0m] Reached target Host and Network Name Lookups.
[[0;32m  OK  [0m] Started Wait for Network to be Configured.
         Starting Initial cloud-init job (metadata service crawler)...
[   17.122043] cloud-init[686]: Cloud-init v. 21.4-0ubuntu1~18.04.1 running 'init' at Tue, 08 Feb 2022 22:43:58 +0000. Up 17.00 seconds.
[   17.123911] cloud-init[686]: ci-info: ++++++++++++++++++++++++++++++++++++++Net device info++++++++++++++++++++++++++++++++++++++
[   17.136323] cloud-init[686]: ci-info: +--------+------+----------------------------+---------------+--------+-------------------+
[   17.153880] cloud-init[686]: ci-info: | Device |  Up  |          Address           |      Mask     | Scope  |     Hw-Address    |
[   17.169532] cloud-init[686]: ci-info: +--------+------+----------------------------+---------------+--------+-------------------+
[   17.184519] cloud-init[686]: ci-info: | enp0s3 | True |         10.0.2.15          | 255.255.255.0 | global | 02:8d:1f:db:13:bf |
[   17.200392] cloud-init[686]: ci-info: | enp0s3 | True | fe80::8d:1fff:fedb:13bf/64 |       .       |  link  | 02:8d:1f:db:13:bf |
[   17.216301] cloud-init[686]: ci-info: |   lo   | True |         127.0.0.1          |   255.0.0.0   |  host  |         .         |
[   17.232713] cloud-init[686]: ci-info: |   lo   | True |          ::1/128           |       .       |  host  |         .         |
[   17.234316] cloud-init[686]: ci-info: +--------+------+----------------------------+---------------+--------+-------------------+
[   17.236163] cloud-init[686]: ci-info: ++++++++++++++++++++++++++++Route IPv4 info+++++++++++++++++++++++++++++
[   17.237956] cloud-init[686]: ci-info: +-------+-------------+----------+-----------------+-----------+-------+
[   17.239891] cloud-init[686]: ci-info: | Route | Destination | Gateway  |     Genmask     | Interface | Flags |
[   17.242346] cloud-init[686]: ci-info: +-------+-------------+----------+-----------------+-----------+-------+
[   17.244607] cloud-init[686]: ci-info: |   0   |   0.0.0.0   | 10.0.2.2 |     0.0.0.0     |   enp0s3  |   UG  |
[   17.246848] cloud-init[686]: ci-info: |   1   |   10.0.2.0  | 0.0.0.0  |  255.255.255.0  |   enp0s3  |   U   |
[   17.251952] cloud-init[686]: ci-info: |   2   |   10.0.2.2  | 0.0.0.0  | 255.255.255.255 |   enp0s3  |   UH  |
[   17.254735] cloud-init[686]: ci-info: +-------+-------------+----------+-----------------+-----------+-------+
[   17.257265] cloud-init[686]: ci-info: +++++++++++++++++++Route IPv6 info+++++++++++++++++++
[   17.260231] cloud-init[686]: ci-info: +-------+-------------+---------+-----------+-------+
[   17.272402] cloud-init[686]: ci-info: | Route | Destination | Gateway | Interface | Flags |
[   17.273405] cloud-init[686]: ci-info: +-------+-------------+---------+-----------+-------+
[   17.274929] cloud-init[686]: ci-info: |   1   |  fe80::/64  |    ::   |   enp0s3  |   U   |
[   17.276277] cloud-init[686]: ci-info: |   3   |    local    |    ::   |   enp0s3  |   U   |
[   17.277721] cloud-init[686]: ci-info: |   4   |   ff00::/8  |    ::   |   enp0s3  |   U   |
[   17.279173] cloud-init[686]: ci-info: +-------+-------------+---------+-----------+-------+
[[0;32m  OK  [0m] Started Initial cloud-init job (metadata service crawler).
[[0;32m  OK  [0m] Reached target Network is Online.
[[0;32m  OK  [0m] Reached target Remote File Systems (Pre).
         Mounting /vagrant...
         Starting Availability of block devices...
[[0;32m  OK  [0m] Reached target System Initialization.
[[0;32m  OK  [0m] Listening on ACPID Listen Socket.
[[0;32m  OK  [0m] Started Ubuntu Advantage Timer for running repeated jobs.
         Starting Socket activation for snappy daemon.
[[0;32m  OK  [0m] Listening on Open-iSCSI iscsid Socket.
[[0;32m  OK  [0m] Listening on D-Bus System Message Bus Socket.
[[0;32m  OK  [0m] Started Daily apt download activities.
[[0;32m  OK  [0m] Started Daily apt upgrade and clean activities.
[[0;32m  OK  [0m] Started Discard unused blocks once a week.
[[0;32m  OK  [0m] Started ACPI Events Check.
[[0;32m  OK  [0m] Listening on cloud-init hotplug hook socket.
[[0;32m  OK  [0m] Listening on UUID daemon activation socket.
         Starting LXD - unix socket.
[[0;32m  OK  [0m] Started Message of the Day.
[[0;32m  OK  [0m] Started Daily Cleanup of Temporary Directories.
[[0;32m  OK  [0m] Started Trigger to poll for Ubuntu …(Only enabled on GCP LTS non-pro).
[[0;32m  OK  [0m] Reached target Paths.
[[0;32m  OK  [0m] Reached target Timers.
[[0;32m  OK  [0m] Reached target Cloud-config availability.
[[0;32m  OK  [0m] Mounted /vagrant.
[[0;32m  OK  [0m] Started Availability of block devices.
[[0;32m  OK  [0m] Listening on Socket activation for snappy daemon.
[[0;32m  OK  [0m] Listening on LXD - unix socket.
[[0;32m  OK  [0m] Reached target Sockets.
[[0;32m  OK  [0m] Reached target Basic System.
         Starting Resets System Activity Data Collector...
         Starting Dispatcher daemon for systemd-networkd...
         Starting LSB: Record successful boot for GRUB...
[[0;32m  OK  [0m] Started Deferred execution scheduler.
         Starting System Logging Service...
         Starting LXD - container startup/shutdown...
         Starting OpenBSD Secure Shell server...
[[0;32m  OK  [0m] Started D-Bus System Message Bus.
[[0;32m  OK  [0m] Started FUSE filesystem for LXC.
         Starting Message of the Day...
[[0;32m  OK  [0m] Started irqbalance daemon.
         Starting PostgreSQL Cluster 10-main...
         Starting Accounts Service...
         Starting Snap Daemon...
[[0;32m  OK  [0m] Started Regular background program processing daemon.
         Starting Login Service...
         Starting Virtualbox guest utils...
[[0;32m  OK  [0m] Reached target Remote File Systems.
         Starting LSB: automatic crash report generation...
         Starting Permit User Sessions...
[[0;32m  OK  [0m] Started System Logging Service.
[[0;32m  OK  [0m] Started Resets System Activity Data Collector.
[[0;32m  OK  [0m] Started LXD - container startup/shutdown.
[[0;32m  OK  [0m] Started OpenBSD Secure Shell server.
[[0;32m  OK  [0m] Started Permit User Sessions.
[[0;32m  OK  [0m] Started Login Service.
[[0;32m  OK  [0m] Started Unattended Upgrades Shutdown.
         Starting Hold until boot process finishes up...
         Starting Terminate Plymouth Boot Screen...
         Starting Authorization Manager...
[[0;32m  OK  [0m] Started Dispatcher daemon for systemd-networkd.
[[0;32m  OK  [0m] Started Hold until boot process finishes up.
[[0;32m  OK  [0m] Started Terminate Plymouth Boot Screen.
         Starting Set console scheme...
[[0;32m  OK  [0m] Started Serial Getty on ttyS0.
[[0;32m  OK  [0m] Started Authorization Manager.
[[0;32m  OK  [0m] Started Accounts Service.
[[0;32m  OK  [0m] Started Set console scheme.
[[0;32m  OK  [0m] Created slice system-getty.slice.
[[0;32m  OK  [0m] Started Getty on tty1.
[[0;32m  OK  [0m] Reached target Login Prompts.
[[0;32m  OK  [0m] Started LSB: automatic crash report generation.
[[0;32m  OK  [0m] Started Virtualbox guest utils.
[[0;32m  OK  [0m] Started LSB: Record successful boot for GRUB.
[[0;32m  OK  [0m] Created slice User Slice of vagrant.
         Starting User Manager for UID 1000...
[[0;32m  OK  [0m] Started Session 1 of user vagrant.
[[0;32m  OK  [0m] Started Snap Daemon.
         Starting Wait until snapd is fully seeded...
[[0;32m  OK  [0m] Started User Manager for UID 1000.
[[0;32m  OK  [0m] Started Wait until snapd is fully seeded.
         Starting Apply the settings specified in cloud-config...
[   19.453896] cloud-init[1236]: Cloud-init v. 21.4-0ubuntu1~18.04.1 running 'modules:config' at Tue, 08 Feb 2022 22:44:01 +0000. Up 19.35 seconds.
[[0;32m  OK  [0m] Started Apply the settings specified in cloud-config.
[[0;32m  OK  [0m] Started PostgreSQL Cluster 10-main.
         Starting PostgreSQL RDBMS...
[[0;32m  OK  [0m] Started PostgreSQL RDBMS.
[[0;32m  OK  [0m] Reached target Multi-User System.
[[0;32m  OK  [0m] Reached target Graphical Interface.
         Starting Update UTMP about System Runlevel Changes...
         Starting Execute cloud user/final scripts...
[[0;32m  OK  [0m] Started Update UTMP about System Runlevel Changes.
[   21.987145] cloud-init[1533]: Cloud-init v. 21.4-0ubuntu1~18.04.1 running 'modules:final' at Tue, 08 Feb 2022 22:44:03 +0000. Up 21.89 seconds.
[   21.989080] cloud-init[1533]: Cloud-init v. 21.4-0ubuntu1~18.04.1 finished at Tue, 08 Feb 2022 22:44:03 +0000. Datasource DataSourceNoCloud [seed=/dev/sdb][dsmode=net].  Up 21.98 seconds
[[0;32m  OK  [0m] Started Execute cloud user/final scripts.
[[0;32m  OK  [0m] Reached target Cloud-init target.
         Starting Daily apt download activities...

Ubuntu 18.04.6 LTS ubuntu-bionic ttyS0

ubuntu-bionic login: 